mode: atomic
github.com/venafi/vsign/cmd/vsign/cli/jwt/jwt.go:38.27,41.2 2 1
github.com/venafi/vsign/cmd/vsign/cli/jwt/jwt.go:43.87,45.16 2 0
github.com/venafi/vsign/cmd/vsign/cli/jwt/jwt.go:45.16,47.3 1 0
github.com/venafi/vsign/cmd/vsign/cli/jwt/jwt.go:48.2,49.16 2 0
github.com/venafi/vsign/cmd/vsign/cli/jwt/jwt.go:49.16,52.3 2 0
github.com/venafi/vsign/cmd/vsign/cli/jwt/jwt.go:53.2,54.16 2 0
github.com/venafi/vsign/cmd/vsign/cli/jwt/jwt.go:54.16,56.3 1 0
github.com/venafi/vsign/cmd/vsign/cli/jwt/jwt.go:56.8,58.3 1 0
github.com/venafi/vsign/cmd/vsign/cli/jwt/jwt.go:60.2,61.16 2 0
github.com/venafi/vsign/cmd/vsign/cli/jwt/jwt.go:61.16,63.3 1 0
github.com/venafi/vsign/cmd/vsign/cli/jwt/jwt.go:65.2,66.16 2 0
github.com/venafi/vsign/cmd/vsign/cli/jwt/jwt.go:66.16,68.3 1 0
github.com/venafi/vsign/cmd/vsign/cli/jwt/jwt.go:70.2,71.16 2 0
github.com/venafi/vsign/cmd/vsign/cli/jwt/jwt.go:71.16,73.3 1 0
github.com/venafi/vsign/cmd/vsign/cli/jwt/jwt.go:75.2,77.16 2 0
github.com/venafi/vsign/cmd/vsign/cli/jwt/jwt.go:77.16,79.3 1 0
github.com/venafi/vsign/cmd/vsign/cli/jwt/jwt.go:81.2,83.12 2 0
github.com/venafi/vsign/cmd/help/main.go:12.13,19.46 2 0
github.com/venafi/vsign/cmd/help/main.go:19.46,21.4 1 0
github.com/venafi/vsign/cmd/help/main.go:23.2,24.39 2 0
github.com/venafi/vsign/cmd/help/main.go:24.39,27.3 2 0
github.com/venafi/vsign/cmd/vsign/cli/sign/sign.go:53.27,57.2 3 1
github.com/venafi/vsign/cmd/vsign/cli/sign/sign.go:59.105,61.16 2 0
github.com/venafi/vsign/cmd/vsign/cli/sign/sign.go:61.16,63.3 1 0
github.com/venafi/vsign/cmd/vsign/cli/sign/sign.go:65.2,66.16 2 0
github.com/venafi/vsign/cmd/vsign/cli/sign/sign.go:66.16,68.3 1 0
github.com/venafi/vsign/cmd/vsign/cli/sign/sign.go:70.2,70.70 1 0
github.com/venafi/vsign/cmd/vsign/cli/sign/sign.go:70.70,72.3 1 0
github.com/venafi/vsign/cmd/vsign/cli/sign/sign.go:74.2,75.16 2 0
github.com/venafi/vsign/cmd/vsign/cli/sign/sign.go:75.16,78.3 1 0
github.com/venafi/vsign/cmd/vsign/cli/sign/sign.go:80.2,81.16 2 0
github.com/venafi/vsign/cmd/vsign/cli/sign/sign.go:81.16,83.3 1 0
github.com/venafi/vsign/cmd/vsign/cli/sign/sign.go:83.8,86.3 2 0
github.com/venafi/vsign/cmd/vsign/cli/sign/sign.go:88.2,89.16 2 0
github.com/venafi/vsign/cmd/vsign/cli/sign/sign.go:89.16,91.3 1 0
github.com/venafi/vsign/cmd/vsign/cli/sign/sign.go:93.2,93.29 1 0
github.com/venafi/vsign/cmd/vsign/cli/sign/sign.go:93.29,95.17 2 0
github.com/venafi/vsign/cmd/vsign/cli/sign/sign.go:95.17,97.4 1 0
github.com/venafi/vsign/cmd/vsign/cli/sign/sign.go:99.3,108.17 2 0
github.com/venafi/vsign/cmd/vsign/cli/sign/sign.go:108.17,110.4 1 0
github.com/venafi/vsign/cmd/vsign/cli/sign/sign.go:112.3,113.17 2 0
github.com/venafi/vsign/cmd/vsign/cli/sign/sign.go:113.17,115.4 1 0
github.com/venafi/vsign/cmd/vsign/cli/sign/sign.go:117.3,118.13 2 0
github.com/venafi/vsign/cmd/vsign/cli/sign/sign.go:123.2,124.16 2 0
github.com/venafi/vsign/cmd/vsign/cli/sign/sign.go:124.16,126.3 1 0
github.com/venafi/vsign/cmd/vsign/cli/sign/sign.go:127.2,127.21 1 0
github.com/venafi/vsign/cmd/vsign/cli/sign/sign.go:127.21,129.3 1 0
github.com/venafi/vsign/cmd/vsign/cli/sign/sign.go:131.2,132.16 2 0
github.com/venafi/vsign/cmd/vsign/cli/sign/sign.go:132.16,134.3 1 0
github.com/venafi/vsign/cmd/vsign/cli/sign/sign.go:135.2,136.16 2 0
github.com/venafi/vsign/cmd/vsign/cli/sign/sign.go:136.16,138.3 1 0
github.com/venafi/vsign/cmd/vsign/cli/sign/sign.go:138.8,138.31 1 0
github.com/venafi/vsign/cmd/vsign/cli/sign/sign.go:138.31,139.22 1 0
github.com/venafi/vsign/cmd/vsign/cli/sign/sign.go:139.22,141.4 1 0
github.com/venafi/vsign/cmd/vsign/cli/sign/sign.go:142.8,144.3 1 0
github.com/venafi/vsign/cmd/vsign/cli/sign/sign.go:146.2,147.16 2 0
github.com/venafi/vsign/cmd/vsign/cli/sign/sign.go:147.16,149.3 1 0
github.com/venafi/vsign/cmd/vsign/cli/sign/sign.go:151.2,164.16 3 0
github.com/venafi/vsign/cmd/vsign/cli/sign/sign.go:164.16,166.3 1 0
github.com/venafi/vsign/cmd/vsign/cli/sign/sign.go:167.2,168.16 2 0
github.com/venafi/vsign/cmd/vsign/cli/sign/sign.go:168.16,170.3 1 0
github.com/venafi/vsign/cmd/vsign/cli/sign/sign.go:172.2,173.16 2 0
github.com/venafi/vsign/cmd/vsign/cli/sign/sign.go:173.16,175.3 1 0
github.com/venafi/vsign/cmd/vsign/cli/sign/sign.go:177.2,178.16 2 0
github.com/venafi/vsign/cmd/vsign/cli/sign/sign.go:178.16,180.3 1 0
github.com/venafi/vsign/cmd/vsign/cli/sign/sign.go:181.2,182.99 2 0
github.com/venafi/vsign/cmd/vsign/cli/sign/sign.go:182.99,184.3 1 0
github.com/venafi/vsign/cmd/vsign/cli/sign/sign.go:186.2,186.22 1 0
github.com/venafi/vsign/cmd/vsign/cli/sign/sign.go:186.22,188.17 2 0
github.com/venafi/vsign/cmd/vsign/cli/sign/sign.go:188.17,190.4 1 0
github.com/venafi/vsign/cmd/vsign/cli/sign/sign.go:191.3,192.38 2 0
github.com/venafi/vsign/cmd/vsign/cli/sign/sign.go:192.38,194.4 1 0
github.com/venafi/vsign/cmd/vsign/cli/sign/sign.go:197.2,198.12 2 0
github.com/venafi/vsign/cmd/vsign/cli/sign/sign.go:201.69,203.99 1 0
github.com/venafi/vsign/cmd/vsign/cli/sign/sign.go:203.99,205.3 1 0
github.com/venafi/vsign/cmd/vsign/cli/sign/sign.go:207.2,207.13 1 0
github.com/venafi/vsign/cmd/vsign/main.go:32.13,34.30 1 0
github.com/venafi/vsign/cmd/vsign/main.go:34.30,35.104 1 0
github.com/venafi/vsign/cmd/vsign/main.go:35.104,36.12 1 0
github.com/venafi/vsign/cmd/vsign/main.go:38.3,38.52 1 0
github.com/venafi/vsign/cmd/vsign/main.go:38.52,43.4 3 0
github.com/venafi/vsign/cmd/vsign/main.go:43.9,43.41 1 0
github.com/venafi/vsign/cmd/vsign/main.go:43.41,47.29 3 0
github.com/venafi/vsign/cmd/vsign/main.go:47.29,50.5 2 0
github.com/venafi/vsign/cmd/vsign/main.go:51.4,57.23 2 0
github.com/venafi/vsign/cmd/vsign/main.go:61.2,61.44 1 0
github.com/venafi/vsign/cmd/vsign/main.go:61.44,65.3 2 0
github.com/venafi/vsign/cmd/vsign/cli/commands.go:39.27,49.68 2 0
github.com/venafi/vsign/cmd/vsign/cli/commands.go:49.68,76.4 2 0
github.com/venafi/vsign/cmd/vsign/cli/commands.go:77.62,78.18 1 0
github.com/venafi/vsign/cmd/vsign/cli/commands.go:78.18,80.5 1 0
github.com/venafi/vsign/cmd/vsign/cli/commands.go:81.4,81.22 1 0
github.com/venafi/vsign/cmd/vsign/cli/commands.go:85.2,87.142 2 0
github.com/venafi/vsign/cmd/vsign/cli/commands.go:87.142,89.3 1 0
github.com/venafi/vsign/cmd/vsign/cli/commands.go:95.2,102.28 7 0
github.com/venafi/vsign/cmd/vsign/cli/commands.go:102.28,104.3 1 0
github.com/venafi/vsign/cmd/vsign/cli/commands.go:106.2,106.12 1 0
github.com/venafi/vsign/cmd/vsign/cli/completion.go:9.34,41.48 1 0
github.com/venafi/vsign/cmd/vsign/cli/completion.go:41.48,42.19 1 0
github.com/venafi/vsign/cmd/vsign/cli/completion.go:43.16,44.48 1 0
github.com/venafi/vsign/cmd/vsign/cli/completion.go:45.15,46.47 1 0
github.com/venafi/vsign/cmd/vsign/cli/completion.go:47.16,48.54 1 0
github.com/venafi/vsign/cmd/vsign/cli/completion.go:49.22,50.62 1 0
github.com/venafi/vsign/cmd/vsign/cli/completion.go:56.2,56.12 1 0
github.com/venafi/vsign/cmd/vsign/cli/getcred.go:24.31,33.55 2 0
github.com/venafi/vsign/cmd/vsign/cli/getcred.go:33.55,35.70 1 0
github.com/venafi/vsign/cmd/vsign/cli/getcred.go:35.70,39.5 1 0
github.com/venafi/vsign/cmd/vsign/cli/getcred.go:40.4,40.14 1 0
github.com/venafi/vsign/cmd/vsign/cli/getcred.go:43.2,44.12 2 0
github.com/venafi/vsign/cmd/vsign/cli/jwt.go:24.27,33.55 2 0
github.com/venafi/vsign/cmd/vsign/cli/jwt.go:33.55,35.66 1 0
github.com/venafi/vsign/cmd/vsign/cli/jwt.go:35.66,39.5 1 0
github.com/venafi/vsign/cmd/vsign/cli/jwt.go:40.4,40.14 1 0
github.com/venafi/vsign/cmd/vsign/cli/jwt.go:43.2,44.12 2 0
github.com/venafi/vsign/cmd/vsign/cli/sign.go:24.28,33.55 2 0
github.com/venafi/vsign/cmd/vsign/cli/sign.go:33.55,35.77 1 0
github.com/venafi/vsign/cmd/vsign/cli/sign.go:35.77,39.5 1 0
github.com/venafi/vsign/cmd/vsign/cli/sign.go:40.4,40.14 1 0
github.com/venafi/vsign/cmd/vsign/cli/sign.go:43.2,45.12 2 0
github.com/venafi/vsign/cmd/vsign/cli/verify.go:24.30,33.55 2 0
github.com/venafi/vsign/cmd/vsign/cli/verify.go:33.55,35.68 1 0
github.com/venafi/vsign/cmd/vsign/cli/verify.go:35.68,39.5 1 0
github.com/venafi/vsign/cmd/vsign/cli/verify.go:40.4,40.14 1 0
github.com/venafi/vsign/cmd/vsign/cli/verify.go:43.2,44.12 2 0
github.com/venafi/vsign/cmd/vsign/cli/shared/shared.go:5.28,7.2 1 0
github.com/venafi/vsign/pkg/plugin/signers/zipbased/signer.go:31.80,33.2 1 0
github.com/venafi/vsign/pkg/plugin/signers/zipbased/signer.go:37.57,39.12 2 0
github.com/venafi/vsign/pkg/plugin/signers/zipbased/signer.go:39.12,41.3 1 0
github.com/venafi/vsign/pkg/plugin/signers/zipbased/signer.go:42.2,42.15 1 0
github.com/venafi/vsign/pkg/plugin/signers/zipbased/signer.go:45.79,47.2 1 0
github.com/venafi/vsign/cmd/vsign/cli/options/getcred.go:34.55,54.2 7 0
github.com/venafi/vsign/cmd/vsign/cli/options/jar.go:32.51,38.2 3 0
github.com/venafi/vsign/cmd/vsign/cli/options/jwt.go:32.51,45.2 4 0
github.com/venafi/vsign/cmd/vsign/cli/options/pdf.go:35.51,44.2 6 0
github.com/venafi/vsign/cmd/vsign/cli/options/root.go:31.53,39.2 0 0
github.com/venafi/vsign/cmd/vsign/cli/options/sign.go:38.52,70.2 16 0
github.com/venafi/vsign/cmd/vsign/cli/options/verify.go:35.54,54.2 6 0
github.com/venafi/vsign/pkg/endpoint/endpoint.go:23.13,25.2 1 0
github.com/venafi/vsign/pkg/endpoint/endpoint.go:27.40,28.11 1 0
github.com/venafi/vsign/pkg/endpoint/endpoint.go:29.30,30.30 1 0
github.com/venafi/vsign/pkg/endpoint/endpoint.go:31.24,32.15 1 0
github.com/venafi/vsign/pkg/endpoint/endpoint.go:33.26,34.17 1 0
github.com/venafi/vsign/pkg/endpoint/endpoint.go:35.10,36.57 1 0
github.com/venafi/vsign/pkg/provider/certloader/anyprivatekey.go:41.99,42.53 1 0
github.com/venafi/vsign/pkg/provider/certloader/anyprivatekey.go:42.53,44.3 1 0
github.com/venafi/vsign/pkg/provider/certloader/anyprivatekey.go:44.8,44.56 1 0
github.com/venafi/vsign/pkg/provider/certloader/anyprivatekey.go:44.56,46.7 2 0
github.com/venafi/vsign/pkg/provider/certloader/anyprivatekey.go:46.7,48.20 2 0
github.com/venafi/vsign/pkg/provider/certloader/anyprivatekey.go:48.20,49.10 1 0
github.com/venafi/vsign/pkg/provider/certloader/anyprivatekey.go:50.10,50.91 1 0
github.com/venafi/vsign/pkg/provider/certloader/anyprivatekey.go:50.91,52.5 1 0
github.com/venafi/vsign/pkg/provider/certloader/anyprivatekey.go:54.3,54.72 1 0
github.com/venafi/vsign/pkg/provider/certloader/anyprivatekey.go:55.8,55.33 1 0
github.com/venafi/vsign/pkg/provider/certloader/anyprivatekey.go:55.33,57.3 1 0
github.com/venafi/vsign/pkg/provider/certloader/anyprivatekey.go:57.8,57.30 1 0
github.com/venafi/vsign/pkg/provider/certloader/anyprivatekey.go:57.30,59.3 1 0
github.com/venafi/vsign/pkg/provider/certloader/anyprivatekey.go:59.8,61.3 1 0
github.com/venafi/vsign/pkg/provider/certloader/anyprivatekey.go:64.104,65.38 1 0
github.com/venafi/vsign/pkg/provider/certloader/anyprivatekey.go:65.38,67.3 1 0
github.com/venafi/vsign/pkg/provider/certloader/anyprivatekey.go:68.2,68.19 1 0
github.com/venafi/vsign/pkg/provider/certloader/anyprivatekey.go:68.19,70.3 1 0
github.com/venafi/vsign/pkg/provider/certloader/anyprivatekey.go:71.2,71.6 1 0
github.com/venafi/vsign/pkg/provider/certloader/anyprivatekey.go:71.6,73.17 2 0
github.com/venafi/vsign/pkg/provider/certloader/anyprivatekey.go:73.17,75.4 1 0
github.com/venafi/vsign/pkg/provider/certloader/anyprivatekey.go:75.9,75.28 1 0
github.com/venafi/vsign/pkg/provider/certloader/anyprivatekey.go:75.28,77.4 1 0
github.com/venafi/vsign/pkg/provider/certloader/anyprivatekey.go:78.3,79.41 2 0
github.com/venafi/vsign/pkg/provider/certloader/anyprivatekey.go:79.41,80.12 1 0
github.com/venafi/vsign/pkg/provider/certloader/anyprivatekey.go:81.9,81.24 1 0
github.com/venafi/vsign/pkg/provider/certloader/anyprivatekey.go:81.24,83.4 1 0
github.com/venafi/vsign/pkg/provider/certloader/anyprivatekey.go:83.9,85.4 1 0
github.com/venafi/vsign/pkg/provider/certloader/anyprivatekey.go:89.99,91.20 2 0
github.com/venafi/vsign/pkg/provider/certloader/anyprivatekey.go:91.20,93.17 2 0
github.com/venafi/vsign/pkg/provider/certloader/anyprivatekey.go:93.17,95.4 1 0
github.com/venafi/vsign/pkg/provider/certloader/anyprivatekey.go:96.3,96.22 1 0
github.com/venafi/vsign/pkg/provider/certloader/anyprivatekey.go:98.2,99.16 2 0
github.com/venafi/vsign/pkg/provider/certloader/anyprivatekey.go:99.16,101.3 1 0
github.com/venafi/vsign/pkg/provider/certloader/anyprivatekey.go:102.2,102.30 1 0
github.com/venafi/vsign/pkg/provider/certloader/anyprivatekey.go:102.30,104.3 1 0
github.com/venafi/vsign/pkg/provider/certloader/anyprivatekey.go:105.2,105.33 1 0
github.com/venafi/vsign/pkg/provider/certloader/anyprivatekey.go:105.33,107.39 2 0
github.com/venafi/vsign/pkg/provider/certloader/anyprivatekey.go:107.39,109.4 1 0
github.com/venafi/vsign/pkg/provider/certloader/anyprivatekey.go:110.3,111.7 2 0
github.com/venafi/vsign/pkg/provider/certloader/anyprivatekey.go:111.7,113.18 2 0
github.com/venafi/vsign/pkg/provider/certloader/anyprivatekey.go:113.18,115.5 1 0
github.com/venafi/vsign/pkg/provider/certloader/anyprivatekey.go:115.10,115.29 1 0
github.com/venafi/vsign/pkg/provider/certloader/anyprivatekey.go:115.29,117.5 1 0
github.com/venafi/vsign/pkg/provider/certloader/anyprivatekey.go:118.4,119.18 2 0
github.com/venafi/vsign/pkg/provider/certloader/anyprivatekey.go:119.18,120.10 1 0
github.com/venafi/vsign/pkg/provider/certloader/anyprivatekey.go:124.2,124.42 1 0
github.com/venafi/vsign/pkg/provider/certloader/certloader.go:53.51,55.19 2 0
github.com/venafi/vsign/pkg/provider/certloader/certloader.go:55.19,58.3 1 0
github.com/venafi/vsign/pkg/provider/certloader/certloader.go:59.2,59.38 1 0
github.com/venafi/vsign/pkg/provider/certloader/certloader.go:59.38,60.60 1 0
github.com/venafi/vsign/pkg/provider/certloader/certloader.go:60.60,62.12 1 0
github.com/venafi/vsign/pkg/provider/certloader/certloader.go:63.9,63.28 1 0
github.com/venafi/vsign/pkg/provider/certloader/certloader.go:63.28,65.12 1 0
github.com/venafi/vsign/pkg/provider/certloader/certloader.go:67.3,67.30 1 0
github.com/venafi/vsign/pkg/provider/certloader/certloader.go:69.2,69.14 1 0
github.com/venafi/vsign/pkg/provider/certloader/certloader.go:73.50,74.19 1 0
github.com/venafi/vsign/pkg/provider/certloader/certloader.go:74.19,76.3 1 0
github.com/venafi/vsign/pkg/provider/certloader/certloader.go:77.2,77.38 1 0
github.com/venafi/vsign/pkg/provider/certloader/certloader.go:77.38,78.53 1 0
github.com/venafi/vsign/pkg/provider/certloader/certloader.go:78.53,80.4 1 0
github.com/venafi/vsign/pkg/provider/certloader/certloader.go:82.2,82.12 1 0
github.com/venafi/vsign/pkg/provider/certloader/certloader.go:86.46,87.25 1 0
github.com/venafi/vsign/pkg/provider/certloader/certloader.go:87.25,89.3 1 0
github.com/venafi/vsign/pkg/provider/certloader/certloader.go:90.2,90.37 1 0
github.com/venafi/vsign/pkg/provider/certloader/certloader.go:95.45,97.38 2 0
github.com/venafi/vsign/pkg/provider/certloader/certloader.go:97.38,99.3 1 0
github.com/venafi/vsign/pkg/provider/certloader/certloader.go:100.2,100.82 1 0
github.com/venafi/vsign/pkg/provider/certloader/certloader.go:105.61,106.60 1 0
github.com/venafi/vsign/pkg/provider/certloader/certloader.go:106.60,108.3 1 0
github.com/venafi/vsign/pkg/provider/certloader/certloader.go:109.2,109.60 1 0
github.com/venafi/vsign/pkg/provider/certloader/certloader.go:109.60,110.28 1 0
github.com/venafi/vsign/pkg/provider/certloader/certloader.go:111.43,112.19 1 0
github.com/venafi/vsign/pkg/provider/certloader/certloader.go:113.11,114.84 1 0
github.com/venafi/vsign/pkg/provider/certloader/certloader.go:117.2,117.57 1 0
github.com/venafi/vsign/pkg/provider/certloader/certloader.go:117.57,119.3 1 0
github.com/venafi/vsign/pkg/provider/certloader/certloader.go:121.2,121.60 1 0
github.com/venafi/vsign/pkg/provider/certloader/certloader.go:125.62,126.50 1 0
github.com/venafi/vsign/pkg/provider/certloader/certloader.go:126.50,129.3 1 0
github.com/venafi/vsign/pkg/provider/certloader/certloader.go:130.2,131.6 2 0
github.com/venafi/vsign/pkg/provider/certloader/certloader.go:131.6,134.19 3 0
github.com/venafi/vsign/pkg/provider/certloader/certloader.go:134.19,135.9 1 0
github.com/venafi/vsign/pkg/provider/certloader/certloader.go:136.9,136.66 1 0
github.com/venafi/vsign/pkg/provider/certloader/certloader.go:136.66,138.18 2 0
github.com/venafi/vsign/pkg/provider/certloader/certloader.go:138.18,140.5 1 0
github.com/venafi/vsign/pkg/provider/certloader/certloader.go:141.4,141.51 1 0
github.com/venafi/vsign/pkg/provider/certloader/certloader.go:144.2,144.21 1 0
github.com/venafi/vsign/pkg/provider/certloader/certloader.go:144.21,146.3 1 0
github.com/venafi/vsign/pkg/provider/certloader/certloader.go:147.2,147.63 1 0
github.com/venafi/vsign/pkg/provider/certloader/certloader.go:151.61,153.47 2 0
github.com/venafi/vsign/pkg/provider/certloader/certloader.go:153.47,155.17 2 0
github.com/venafi/vsign/pkg/provider/certloader/certloader.go:155.17,157.4 1 0
github.com/venafi/vsign/pkg/provider/certloader/certloader.go:158.3,159.17 2 0
github.com/venafi/vsign/pkg/provider/certloader/certloader.go:159.17,161.4 1 0
github.com/venafi/vsign/pkg/provider/certloader/certloader.go:162.8,165.17 3 0
github.com/venafi/vsign/pkg/provider/certloader/certloader.go:165.17,167.4 1 0
github.com/venafi/vsign/pkg/provider/certloader/certloader.go:169.2,169.21 1 0
github.com/venafi/vsign/pkg/provider/certloader/certloader.go:169.21,171.3 1 0
github.com/venafi/vsign/pkg/provider/certloader/certloader.go:172.2,172.63 1 0
github.com/venafi/vsign/pkg/provider/certloader/certloader.go:176.70,178.16 2 0
github.com/venafi/vsign/pkg/provider/certloader/certloader.go:178.16,180.3 1 0
github.com/venafi/vsign/pkg/provider/certloader/certloader.go:181.2,181.31 1 0
github.com/venafi/vsign/pkg/provider/certloader/certloader.go:185.70,187.16 2 0
github.com/venafi/vsign/pkg/provider/certloader/certloader.go:187.16,189.3 1 0
github.com/venafi/vsign/pkg/provider/certloader/certloader.go:190.2,191.16 2 0
github.com/venafi/vsign/pkg/provider/certloader/certloader.go:191.16,193.3 1 0
github.com/venafi/vsign/pkg/provider/certloader/certloader.go:194.2,195.16 2 0
github.com/venafi/vsign/pkg/provider/certloader/certloader.go:195.16,197.3 1 0
github.com/venafi/vsign/pkg/provider/certloader/certloader.go:198.2,199.16 2 0
github.com/venafi/vsign/pkg/provider/certloader/certloader.go:199.16,201.3 1 0
github.com/venafi/vsign/pkg/provider/certloader/certloader.go:202.2,202.50 1 0
github.com/venafi/vsign/pkg/provider/certloader/certloader.go:202.50,204.3 1 0
github.com/venafi/vsign/pkg/provider/certloader/certloader.go:205.2,206.18 2 0
github.com/venafi/vsign/pkg/provider/certloader/certloader.go:211.120,214.9 3 0
github.com/venafi/vsign/pkg/provider/certloader/certloader.go:215.22,218.17 2 0
github.com/venafi/vsign/pkg/provider/certloader/certloader.go:218.17,220.4 1 0
github.com/venafi/vsign/pkg/provider/certloader/certloader.go:221.3,221.14 1 0
github.com/venafi/vsign/pkg/provider/certloader/certloader.go:222.30,225.17 2 0
github.com/venafi/vsign/pkg/provider/certloader/certloader.go:225.17,227.4 1 0
github.com/venafi/vsign/pkg/provider/certloader/certloader.go:228.3,228.51 1 0
github.com/venafi/vsign/pkg/provider/certloader/certloader.go:228.51,230.4 1 0
github.com/venafi/vsign/pkg/provider/certloader/certloader.go:231.3,231.24 1 0
github.com/venafi/vsign/pkg/provider/certloader/certloader.go:232.10,233.39 1 0
github.com/venafi/vsign/pkg/provider/certloader/certloader.go:235.2,235.19 1 0
github.com/venafi/vsign/pkg/provider/certloader/certloader.go:235.19,237.17 2 0
github.com/venafi/vsign/pkg/provider/certloader/certloader.go:237.17,239.4 1 0
github.com/venafi/vsign/pkg/provider/certloader/certloader.go:240.3,241.17 2 0
github.com/venafi/vsign/pkg/provider/certloader/certloader.go:241.17,243.4 1 0
github.com/venafi/vsign/pkg/provider/certloader/certloader.go:244.3,244.24 1 0
github.com/venafi/vsign/pkg/provider/certloader/certloader.go:244.24,246.4 1 0
github.com/venafi/vsign/pkg/provider/certloader/certloader.go:247.3,253.56 3 0
github.com/venafi/vsign/pkg/provider/certloader/certloader.go:253.56,255.4 1 0
github.com/venafi/vsign/pkg/provider/certloader/certloader.go:256.3,257.23 2 0
github.com/venafi/vsign/pkg/provider/certloader/certloader.go:259.2,259.18 1 0
github.com/venafi/vsign/pkg/provider/certloader/certloader.go:264.34,266.2 1 0
github.com/venafi/vsign/pkg/provider/certloader/loadany.go:36.61,37.29 1 0
github.com/venafi/vsign/pkg/provider/certloader/loadany.go:37.29,39.17 2 0
github.com/venafi/vsign/pkg/provider/certloader/loadany.go:39.17,41.4 1 0
github.com/venafi/vsign/pkg/provider/certloader/loadany.go:42.3,43.17 2 0
github.com/venafi/vsign/pkg/provider/certloader/loadany.go:43.17,45.12 2 0
github.com/venafi/vsign/pkg/provider/certloader/loadany.go:46.9,46.31 1 0
github.com/venafi/vsign/pkg/provider/certloader/loadany.go:46.31,48.4 1 0
github.com/venafi/vsign/pkg/provider/certloader/loadany.go:49.3,50.17 2 0
github.com/venafi/vsign/pkg/provider/certloader/loadany.go:50.17,52.4 1 0
github.com/venafi/vsign/pkg/provider/certloader/loadany.go:52.9,54.4 1 0
github.com/venafi/vsign/pkg/provider/certloader/loadany.go:56.2,56.17 1 0
github.com/venafi/vsign/pkg/provider/certloader/loadany.go:60.56,62.20 2 0
github.com/venafi/vsign/pkg/provider/certloader/loadany.go:62.20,64.17 2 0
github.com/venafi/vsign/pkg/provider/certloader/loadany.go:64.17,66.4 1 0
github.com/venafi/vsign/pkg/provider/certloader/loadany.go:67.3,67.22 1 0
github.com/venafi/vsign/pkg/provider/certloader/loadany.go:69.2,69.36 1 0
github.com/venafi/vsign/pkg/provider/certloader/pkcs12.go:31.87,35.6 4 0
github.com/venafi/vsign/pkg/provider/certloader/pkcs12.go:35.6,38.17 3 0
github.com/venafi/vsign/pkg/provider/certloader/pkcs12.go:38.17,40.4 1 0
github.com/venafi/vsign/pkg/provider/certloader/pkcs12.go:40.9,40.28 1 0
github.com/venafi/vsign/pkg/provider/certloader/pkcs12.go:40.28,41.18 1 0
github.com/venafi/vsign/pkg/provider/certloader/pkcs12.go:41.18,43.5 1 0
github.com/venafi/vsign/pkg/provider/certloader/pkcs12.go:44.4,44.21 1 0
github.com/venafi/vsign/pkg/provider/certloader/pkcs12.go:46.3,47.17 2 0
github.com/venafi/vsign/pkg/provider/certloader/pkcs12.go:47.17,48.9 1 0
github.com/venafi/vsign/pkg/provider/certloader/pkcs12.go:49.9,49.48 1 0
github.com/venafi/vsign/pkg/provider/certloader/pkcs12.go:49.48,51.4 1 0
github.com/venafi/vsign/pkg/provider/certloader/pkcs12.go:53.2,55.31 3 0
github.com/venafi/vsign/pkg/provider/certloader/pkcs12.go:55.31,56.21 1 0
github.com/venafi/vsign/pkg/provider/certloader/pkcs12.go:57.22,59.18 2 0
github.com/venafi/vsign/pkg/provider/certloader/pkcs12.go:59.18,61.5 1 0
github.com/venafi/vsign/pkg/provider/certloader/pkcs12.go:62.4,62.51 1 0
github.com/venafi/vsign/pkg/provider/certloader/pkcs12.go:63.22,64.22 1 0
github.com/venafi/vsign/pkg/provider/certloader/pkcs12.go:64.22,66.5 1 0
github.com/venafi/vsign/pkg/provider/certloader/pkcs12.go:67.4,69.18 3 0
github.com/venafi/vsign/pkg/provider/certloader/pkcs12.go:69.18,71.5 1 0
github.com/venafi/vsign/pkg/provider/certloader/pkcs12.go:74.2,74.20 1 0
github.com/venafi/vsign/pkg/provider/certloader/pkcs12.go:74.20,76.3 1 0
github.com/venafi/vsign/pkg/provider/certloader/pkcs12.go:77.2,78.29 2 0
github.com/venafi/vsign/pkg/provider/certloader/pkcs12.go:78.29,79.49 1 0
github.com/venafi/vsign/pkg/provider/certloader/pkcs12.go:79.49,81.4 1 0
github.com/venafi/vsign/pkg/provider/certloader/pkcs12.go:83.2,83.21 1 0
github.com/venafi/vsign/pkg/provider/certloader/pkcs12.go:83.21,85.3 1 0
github.com/venafi/vsign/pkg/provider/certloader/pkcs12.go:86.2,86.17 1 0
github.com/venafi/vsign/pkg/plugin/signers/pdf/signer.go:47.13,55.2 7 0
github.com/venafi/vsign/pkg/plugin/signers/pdf/signer.go:57.28,60.2 2 0
github.com/venafi/vsign/pkg/plugin/signers/pdf/signer.go:63.90,66.18 2 0
github.com/venafi/vsign/pkg/plugin/signers/pdf/signer.go:66.18,68.3 1 0
github.com/venafi/vsign/pkg/plugin/signers/pdf/signer.go:70.2,80.34 7 0
github.com/venafi/vsign/pkg/plugin/signers/pdf/signer.go:80.34,91.3 4 0
github.com/venafi/vsign/pkg/plugin/signers/pdf/signer.go:91.8,100.3 2 0
github.com/venafi/vsign/pkg/plugin/signers/pdf/signer.go:102.2,124.16 2 0
github.com/venafi/vsign/pkg/plugin/signers/pdf/signer.go:124.16,126.3 1 0
github.com/venafi/vsign/pkg/plugin/signers/pdf/signer.go:128.2,128.27 1 0
github.com/venafi/vsign/pkg/plugin/signers/pdf/signer.go:131.87,133.16 2 0
github.com/venafi/vsign/pkg/plugin/signers/pdf/signer.go:133.16,135.3 1 0
github.com/venafi/vsign/pkg/plugin/signers/pdf/signer.go:137.2,137.12 1 0
github.com/venafi/vsign/pkg/provider/cosign/util.go:15.118,18.16 2 0
github.com/venafi/vsign/pkg/provider/cosign/util.go:18.16,20.3 1 0
github.com/venafi/vsign/pkg/provider/cosign/util.go:22.2,25.16 3 0
github.com/venafi/vsign/pkg/provider/cosign/util.go:25.16,27.3 1 0
github.com/venafi/vsign/pkg/provider/cosign/util.go:29.2,30.16 2 0
github.com/venafi/vsign/pkg/provider/cosign/util.go:30.16,32.3 1 0
github.com/venafi/vsign/pkg/provider/cosign/util.go:36.2,39.16 3 0
github.com/venafi/vsign/pkg/provider/cosign/util.go:39.16,41.3 1 0
github.com/venafi/vsign/pkg/provider/cosign/util.go:43.2,43.18 1 0
github.com/venafi/vsign/pkg/provider/cosign/util.go:46.117,49.16 2 0
github.com/venafi/vsign/pkg/provider/cosign/util.go:49.16,51.3 1 0
github.com/venafi/vsign/pkg/provider/cosign/util.go:53.2,56.16 3 0
github.com/venafi/vsign/pkg/provider/cosign/util.go:56.16,58.3 1 0
github.com/venafi/vsign/pkg/provider/cosign/util.go:60.2,61.16 2 0
github.com/venafi/vsign/pkg/provider/cosign/util.go:61.16,63.3 1 0
github.com/venafi/vsign/pkg/provider/cosign/util.go:67.2,72.16 3 0
github.com/venafi/vsign/pkg/provider/cosign/util.go:72.16,74.3 1 0
github.com/venafi/vsign/pkg/provider/cosign/util.go:76.2,77.16 2 0
github.com/venafi/vsign/pkg/provider/cosign/util.go:77.16,79.3 1 0
github.com/venafi/vsign/pkg/provider/cosign/util.go:82.2,83.16 2 0
github.com/venafi/vsign/pkg/provider/cosign/util.go:83.16,85.3 1 0
github.com/venafi/vsign/pkg/provider/cosign/util.go:88.2,88.78 1 0
github.com/venafi/vsign/pkg/provider/audit/amqp.go:32.59,34.16 2 0
github.com/venafi/vsign/pkg/provider/audit/amqp.go:34.16,36.3 1 0
github.com/venafi/vsign/pkg/provider/audit/amqp.go:37.2,44.16 3 0
github.com/venafi/vsign/pkg/provider/audit/amqp.go:44.16,46.3 1 0
github.com/venafi/vsign/pkg/provider/audit/amqp.go:47.2,49.16 3 0
github.com/venafi/vsign/pkg/provider/audit/amqp.go:49.16,51.3 1 0
github.com/venafi/vsign/pkg/provider/audit/amqp.go:52.2,53.118 2 0
github.com/venafi/vsign/pkg/provider/audit/amqp.go:53.118,55.3 1 0
github.com/venafi/vsign/pkg/provider/audit/amqp.go:56.2,56.42 1 0
github.com/venafi/vsign/pkg/provider/audit/amqp.go:56.42,58.3 1 0
github.com/venafi/vsign/pkg/provider/audit/amqp.go:59.2,60.96 2 0
github.com/venafi/vsign/pkg/provider/audit/amqp.go:60.96,62.3 1 0
github.com/venafi/vsign/pkg/provider/audit/amqp.go:63.2,64.18 2 0
github.com/venafi/vsign/pkg/provider/audit/amqp.go:64.18,66.3 1 0
github.com/venafi/vsign/pkg/provider/audit/amqp.go:67.2,67.12 1 0
github.com/venafi/vsign/pkg/provider/audit/amqp.go:71.66,73.16 2 0
github.com/venafi/vsign/pkg/provider/audit/amqp.go:73.16,75.3 1 0
github.com/venafi/vsign/pkg/provider/audit/amqp.go:76.2,78.27 3 0
github.com/venafi/vsign/pkg/provider/audit/amqp.go:78.27,80.25 2 0
github.com/venafi/vsign/pkg/provider/audit/amqp.go:80.25,81.70 1 0
github.com/venafi/vsign/pkg/provider/audit/amqp.go:81.70,83.5 1 0
github.com/venafi/vsign/pkg/provider/audit/amqp.go:85.3,85.27 1 0
github.com/venafi/vsign/pkg/provider/audit/amqp.go:85.27,87.18 2 0
github.com/venafi/vsign/pkg/provider/audit/amqp.go:87.18,89.5 1 0
github.com/venafi/vsign/pkg/provider/audit/amqp.go:90.4,90.54 1 0
github.com/venafi/vsign/pkg/provider/audit/amqp.go:92.3,93.35 2 0
github.com/venafi/vsign/pkg/provider/audit/amqp.go:93.35,95.4 1 0
github.com/venafi/vsign/pkg/provider/audit/amqp.go:97.2,97.24 1 0
github.com/venafi/vsign/pkg/provider/audit/amqp.go:97.24,99.3 1 0
github.com/venafi/vsign/pkg/provider/audit/amqp.go:100.2,101.42 2 0
github.com/venafi/vsign/pkg/provider/audit/amqp.go:106.40,106.61 1 0
github.com/venafi/vsign/pkg/provider/audit/amqp.go:107.40,107.53 1 0
github.com/venafi/vsign/pkg/provider/audit/audit.go:45.59,52.50 7 0
github.com/venafi/vsign/pkg/provider/audit/audit.go:52.50,54.3 1 0
github.com/venafi/vsign/pkg/provider/audit/audit.go:55.2,55.45 1 0
github.com/venafi/vsign/pkg/provider/audit/audit.go:59.54,62.2 2 0
github.com/venafi/vsign/pkg/provider/audit/audit.go:65.55,71.2 5 0
github.com/venafi/vsign/pkg/provider/audit/audit.go:74.45,76.2 1 0
github.com/venafi/vsign/pkg/provider/audit/audit.go:79.67,80.15 1 0
github.com/venafi/vsign/pkg/provider/audit/audit.go:80.15,82.3 1 0
github.com/venafi/vsign/pkg/provider/audit/audit.go:83.2,85.63 3 0
github.com/venafi/vsign/pkg/provider/audit/audit.go:90.48,92.2 1 0
github.com/venafi/vsign/pkg/provider/audit/audit.go:96.40,98.14 2 0
github.com/venafi/vsign/pkg/provider/audit/audit.go:98.14,100.3 1 0
github.com/venafi/vsign/pkg/provider/audit/audit.go:101.2,101.35 1 0
github.com/venafi/vsign/pkg/provider/audit/audit.go:105.45,106.75 1 0
github.com/venafi/vsign/pkg/provider/audit/audit.go:106.75,108.3 1 0
github.com/venafi/vsign/pkg/provider/audit/audit.go:109.2,109.38 1 0
github.com/venafi/vsign/pkg/provider/audit/audit.go:112.61,114.43 2 0
github.com/venafi/vsign/pkg/provider/audit/audit.go:114.43,115.39 1 0
github.com/venafi/vsign/pkg/provider/audit/audit.go:115.39,116.12 1 0
github.com/venafi/vsign/pkg/provider/audit/audit.go:118.3,119.34 2 0
github.com/venafi/vsign/pkg/provider/audit/audit.go:119.34,121.4 1 0
github.com/venafi/vsign/pkg/provider/audit/audit.go:121.9,123.4 1 0
github.com/venafi/vsign/pkg/provider/audit/audit.go:125.2,125.11 1 0
github.com/venafi/vsign/pkg/provider/audit/audit.go:129.40,130.20 1 0
github.com/venafi/vsign/pkg/provider/audit/audit.go:130.20,132.3 1 0
github.com/venafi/vsign/pkg/provider/audit/audit.go:133.2,134.63 2 0
github.com/venafi/vsign/pkg/provider/audit/audit.go:134.63,136.3 1 0
github.com/venafi/vsign/pkg/provider/audit/audit.go:137.2,137.60 1 0
github.com/venafi/vsign/pkg/provider/audit/audit.go:137.60,139.17 2 0
github.com/venafi/vsign/pkg/provider/audit/audit.go:139.17,141.4 1 0
github.com/venafi/vsign/pkg/provider/audit/audit.go:142.3,143.64 2 0
github.com/venafi/vsign/pkg/provider/audit/audit.go:143.64,145.4 1 0
github.com/venafi/vsign/pkg/provider/audit/audit.go:147.2,147.18 1 0
github.com/venafi/vsign/pkg/plugin/signers/options.go:54.69,57.2 2 0
github.com/venafi/vsign/pkg/plugin/signers/options.go:60.76,64.2 3 0
github.com/venafi/vsign/pkg/plugin/signers/options.go:67.61,70.2 2 0
github.com/venafi/vsign/pkg/plugin/signers/options.go:75.45,76.18 1 0
github.com/venafi/vsign/pkg/plugin/signers/options.go:76.18,78.3 1 0
github.com/venafi/vsign/pkg/plugin/signers/options.go:79.2,79.29 1 0
github.com/venafi/vsign/pkg/plugin/signers/options.go:101.75,102.35 1 0
github.com/venafi/vsign/pkg/plugin/signers/options.go:102.35,103.24 1 0
github.com/venafi/vsign/pkg/plugin/signers/options.go:103.24,104.12 1 0
github.com/venafi/vsign/pkg/plugin/signers/options.go:106.3,107.30 2 0
github.com/venafi/vsign/pkg/plugin/signers/options.go:107.30,108.22 1 0
github.com/venafi/vsign/pkg/plugin/signers/options.go:108.22,110.10 2 0
github.com/venafi/vsign/pkg/plugin/signers/options.go:113.3,113.15 1 0
github.com/venafi/vsign/pkg/plugin/signers/options.go:113.15,115.4 1 0
github.com/venafi/vsign/pkg/plugin/signers/options.go:117.2,117.20 1 0
github.com/venafi/vsign/pkg/plugin/signers/options.go:117.20,119.3 1 0
github.com/venafi/vsign/pkg/plugin/signers/options.go:120.2,124.42 2 0
github.com/venafi/vsign/pkg/plugin/signers/options.go:124.42,125.28 1 0
github.com/venafi/vsign/pkg/plugin/signers/options.go:125.28,127.4 1 0
github.com/venafi/vsign/pkg/plugin/signers/options.go:129.2,129.20 1 0
github.com/venafi/vsign/pkg/plugin/signers/options.go:133.68,134.20 1 0
github.com/venafi/vsign/pkg/plugin/signers/options.go:134.20,136.3 1 0
github.com/venafi/vsign/pkg/plugin/signers/options.go:137.2,141.42 2 0
github.com/venafi/vsign/pkg/plugin/signers/options.go:141.42,142.45 1 0
github.com/venafi/vsign/pkg/plugin/signers/options.go:142.45,144.4 1 0
github.com/venafi/vsign/pkg/plugin/signers/options.go:146.2,146.20 1 0
github.com/venafi/vsign/pkg/plugin/signers/options.go:150.55,151.19 1 0
github.com/venafi/vsign/pkg/plugin/signers/options.go:151.19,153.3 1 0
github.com/venafi/vsign/pkg/plugin/signers/options.go:154.2,154.40 1 0
github.com/venafi/vsign/pkg/plugin/signers/options.go:154.40,156.3 1 0
github.com/venafi/vsign/pkg/plugin/signers/options.go:157.2,157.12 1 0
github.com/venafi/vsign/pkg/plugin/signers/options.go:161.57,162.19 1 0
github.com/venafi/vsign/pkg/plugin/signers/options.go:162.19,163.59 1 0
github.com/venafi/vsign/pkg/plugin/signers/options.go:165.2,166.17 2 0
github.com/venafi/vsign/pkg/plugin/signers/options.go:166.17,167.59 1 0
github.com/venafi/vsign/pkg/plugin/signers/options.go:169.2,169.38 1 0
github.com/venafi/vsign/pkg/plugin/signers/options.go:169.38,171.3 1 0
github.com/venafi/vsign/pkg/plugin/signers/options.go:172.2,172.22 1 0
github.com/venafi/vsign/pkg/plugin/signers/options.go:176.53,180.2 3 0
github.com/venafi/vsign/pkg/plugin/signers/signers.go:86.41,87.20 1 0
github.com/venafi/vsign/pkg/plugin/signers/signers.go:87.20,89.3 1 0
github.com/venafi/vsign/pkg/plugin/signers/signers.go:90.2,90.28 1 0
github.com/venafi/vsign/pkg/plugin/signers/signers.go:90.28,92.3 1 0
github.com/venafi/vsign/pkg/plugin/signers/signers.go:93.2,93.24 1 0
github.com/venafi/vsign/pkg/plugin/signers/signers.go:93.24,95.3 1 0
github.com/venafi/vsign/pkg/plugin/signers/signers.go:96.2,96.18 1 0
github.com/venafi/vsign/pkg/plugin/signers/signers.go:102.26,104.2 1 0
github.com/venafi/vsign/pkg/plugin/signers/signers.go:107.34,108.31 1 0
github.com/venafi/vsign/pkg/plugin/signers/signers.go:108.31,109.21 1 0
github.com/venafi/vsign/pkg/plugin/signers/signers.go:109.21,111.4 1 0
github.com/venafi/vsign/pkg/plugin/signers/signers.go:112.3,112.32 1 0
github.com/venafi/vsign/pkg/plugin/signers/signers.go:112.32,113.18 1 0
github.com/venafi/vsign/pkg/plugin/signers/signers.go:113.18,115.5 1 0
github.com/venafi/vsign/pkg/plugin/signers/signers.go:118.2,118.12 1 0
github.com/venafi/vsign/pkg/plugin/signers/signers.go:122.40,123.32 1 0
github.com/venafi/vsign/pkg/plugin/signers/signers.go:123.32,125.3 1 0
github.com/venafi/vsign/pkg/plugin/signers/signers.go:126.2,126.31 1 0
github.com/venafi/vsign/pkg/plugin/signers/signers.go:126.31,127.19 1 0
github.com/venafi/vsign/pkg/plugin/signers/signers.go:127.19,129.4 1 0
github.com/venafi/vsign/pkg/plugin/signers/signers.go:131.2,131.12 1 0
github.com/venafi/vsign/pkg/plugin/signers/signers.go:135.38,136.31 1 0
github.com/venafi/vsign/pkg/plugin/signers/signers.go:136.31,137.44 1 0
github.com/venafi/vsign/pkg/plugin/signers/signers.go:137.44,139.4 1 0
github.com/venafi/vsign/pkg/plugin/signers/signers.go:141.2,141.12 1 0
github.com/venafi/vsign/pkg/plugin/signers/signers.go:146.52,147.19 1 0
github.com/venafi/vsign/pkg/plugin/signers/signers.go:147.19,149.17 2 0
github.com/venafi/vsign/pkg/plugin/signers/signers.go:149.17,151.4 1 0
github.com/venafi/vsign/pkg/plugin/signers/signers.go:152.3,152.18 1 0
github.com/venafi/vsign/pkg/plugin/signers/signers.go:154.2,154.17 1 0
github.com/venafi/vsign/pkg/plugin/signers/signers.go:154.17,156.3 1 0
github.com/venafi/vsign/pkg/plugin/signers/signers.go:157.2,158.16 2 0
github.com/venafi/vsign/pkg/plugin/signers/signers.go:158.16,160.3 1 0
github.com/venafi/vsign/pkg/plugin/signers/signers.go:161.2,169.45 3 0
github.com/venafi/vsign/pkg/plugin/signers/signers.go:169.45,171.3 1 0
github.com/venafi/vsign/pkg/plugin/signers/signers.go:172.2,172.42 1 0
github.com/venafi/vsign/pkg/plugin/signers/signers.go:172.42,174.3 1 0
github.com/venafi/vsign/pkg/plugin/signers/signers.go:174.8,174.48 1 0
github.com/venafi/vsign/pkg/plugin/signers/signers.go:174.48,176.3 1 0
github.com/venafi/vsign/pkg/plugin/signers/signers.go:177.2,177.44 1 0
github.com/venafi/vsign/pkg/plugin/signers/signers.go:182.41,183.20 1 0
github.com/venafi/vsign/pkg/plugin/signers/signers.go:183.20,185.3 1 0
github.com/venafi/vsign/pkg/plugin/signers/signers.go:186.2,186.16 1 0
github.com/venafi/vsign/pkg/plugin/signers/signers.go:190.37,191.20 1 0
github.com/venafi/vsign/pkg/plugin/signers/signers.go:191.20,193.3 1 0
github.com/venafi/vsign/pkg/plugin/signers/signers.go:194.2,195.31 2 0
github.com/venafi/vsign/pkg/plugin/signers/signers.go:195.31,196.21 1 0
github.com/venafi/vsign/pkg/plugin/signers/signers.go:196.21,197.12 1 0
github.com/venafi/vsign/pkg/plugin/signers/signers.go:199.3,200.43 2 0
github.com/venafi/vsign/pkg/plugin/signers/signers.go:200.43,202.4 1 0
github.com/venafi/vsign/pkg/plugin/signers/signers.go:205.2,206.48 2 0
github.com/venafi/vsign/pkg/plugin/signers/signers.go:206.48,207.48 1 0
github.com/venafi/vsign/pkg/plugin/signers/signers.go:207.48,208.39 1 0
github.com/venafi/vsign/pkg/plugin/signers/signers.go:208.39,210.36 2 0
github.com/venafi/vsign/pkg/plugin/signers/signers.go:210.36,211.21 1 0
github.com/venafi/vsign/pkg/plugin/signers/signers.go:211.21,213.12 2 0
github.com/venafi/vsign/pkg/plugin/signers/signers.go:216.5,216.12 1 0
github.com/venafi/vsign/pkg/plugin/signers/signers.go:216.12,218.6 1 0
github.com/venafi/vsign/pkg/plugin/signers/signers.go:221.3,221.17 1 0
github.com/venafi/vsign/pkg/plugin/signers/transform.go:47.79,48.36 1 0
github.com/venafi/vsign/pkg/plugin/signers/transform.go:48.36,50.3 1 0
github.com/venafi/vsign/pkg/plugin/signers/transform.go:51.2,51.29 1 0
github.com/venafi/vsign/pkg/plugin/signers/transform.go:54.47,56.2 1 0
github.com/venafi/vsign/pkg/plugin/signers/transform.go:66.54,67.53 1 0
github.com/venafi/vsign/pkg/plugin/signers/transform.go:67.53,69.3 1 0
github.com/venafi/vsign/pkg/plugin/signers/transform.go:70.2,70.17 1 0
github.com/venafi/vsign/pkg/plugin/signers/transform.go:75.76,76.35 1 0
github.com/venafi/vsign/pkg/plugin/signers/transform.go:76.35,78.3 1 0
github.com/venafi/vsign/pkg/plugin/signers/transform.go:79.2,80.16 2 0
github.com/venafi/vsign/pkg/plugin/signers/transform.go:80.16,82.3 1 0
github.com/venafi/vsign/pkg/plugin/signers/transform.go:83.2,83.46 1 0
github.com/venafi/vsign/pkg/plugin/signers/transform.go:83.46,85.3 1 0
github.com/venafi/vsign/pkg/plugin/signers/transform.go:86.2,87.19 2 0
github.com/venafi/vsign/pkg/plugin/signers/transform.go:90.71,92.16 2 0
github.com/venafi/vsign/pkg/plugin/signers/transform.go:92.16,94.3 1 0
github.com/venafi/vsign/pkg/plugin/signers/transform.go:95.2,96.16 2 0
github.com/venafi/vsign/pkg/plugin/signers/transform.go:96.16,98.3 1 0
github.com/venafi/vsign/pkg/plugin/signers/transform.go:99.2,99.31 1 0
github.com/venafi/vsign/pkg/plugin/signers/jar/signer.go:46.13,51.2 4 0
github.com/venafi/vsign/pkg/plugin/signers/jar/signer.go:54.90,58.18 3 0
github.com/venafi/vsign/pkg/plugin/signers/jar/signer.go:58.18,60.3 1 0
github.com/venafi/vsign/pkg/plugin/signers/jar/signer.go:62.2,69.16 6 0
github.com/venafi/vsign/pkg/plugin/signers/jar/signer.go:69.16,71.3 1 0
github.com/venafi/vsign/pkg/plugin/signers/jar/signer.go:72.2,73.16 2 0
github.com/venafi/vsign/pkg/plugin/signers/jar/signer.go:73.16,75.3 1 0
github.com/venafi/vsign/pkg/plugin/signers/jar/signer.go:76.2,77.32 2 0
github.com/venafi/vsign/pkg/plugin/signers/jar/signer.go:80.92,84.34 3 0
github.com/venafi/vsign/pkg/plugin/signers/jar/signer.go:84.34,86.3 1 0
github.com/venafi/vsign/pkg/plugin/signers/jar/signer.go:88.2,89.16 2 0
github.com/venafi/vsign/pkg/plugin/signers/jar/signer.go:89.16,91.3 1 0
github.com/venafi/vsign/pkg/plugin/signers/jar/signer.go:92.2,93.16 2 0
github.com/venafi/vsign/pkg/plugin/signers/jar/signer.go:93.16,95.3 1 0
github.com/venafi/vsign/pkg/plugin/signers/jar/signer.go:97.2,97.12 1 0
github.com/venafi/vsign/pkg/plugin/signers/jar/signer.go:100.47,102.16 2 0
github.com/venafi/vsign/pkg/plugin/signers/jar/signer.go:102.16,104.3 1 0
github.com/venafi/vsign/pkg/plugin/signers/jar/signer.go:105.2,105.40 1 0
github.com/venafi/vsign/pkg/plugin/signers/jar/signer.go:105.40,107.3 1 0
github.com/venafi/vsign/pkg/plugin/signers/jar/signer.go:108.2,108.31 1 0
github.com/venafi/vsign/pkg/crypto/crypto.go:77.50,78.16 1 0
github.com/venafi/vsign/pkg/crypto/crypto.go:79.14,80.85 1 0
github.com/venafi/vsign/pkg/crypto/crypto.go:81.16,82.91 1 0
github.com/venafi/vsign/pkg/crypto/crypto.go:83.16,84.91 1 0
github.com/venafi/vsign/pkg/crypto/crypto.go:85.16,86.91 1 0
github.com/venafi/vsign/pkg/crypto/crypto.go:87.16,88.91 1 0
github.com/venafi/vsign/pkg/crypto/crypto.go:89.10,90.91 1 0
github.com/venafi/vsign/pkg/crypto/crypto.go:94.64,95.16 1 0
github.com/venafi/vsign/pkg/crypto/crypto.go:96.14,97.149 1 0
github.com/venafi/vsign/pkg/crypto/crypto.go:98.16,99.177 1 0
github.com/venafi/vsign/pkg/crypto/crypto.go:100.16,101.177 1 0
github.com/venafi/vsign/pkg/crypto/crypto.go:102.16,103.177 1 0
github.com/venafi/vsign/pkg/crypto/crypto.go:104.16,105.177 1 0
github.com/venafi/vsign/pkg/crypto/crypto.go:106.15,107.43 1 0
github.com/venafi/vsign/pkg/crypto/crypto.go:108.10,109.177 1 0
github.com/venafi/vsign/pkg/crypto/crypto.go:114.47,115.16 1 0
github.com/venafi/vsign/pkg/crypto/crypto.go:116.14,117.17 1 0
github.com/venafi/vsign/pkg/crypto/crypto.go:118.16,119.19 1 0
github.com/venafi/vsign/pkg/crypto/crypto.go:120.16,121.19 1 0
github.com/venafi/vsign/pkg/crypto/crypto.go:122.16,123.19 1 0
github.com/venafi/vsign/pkg/crypto/crypto.go:124.16,125.19 1 0
github.com/venafi/vsign/pkg/crypto/crypto.go:126.10,127.19 1 0
github.com/venafi/vsign/pkg/crypto/crypto.go:131.46,132.16 1 0
github.com/venafi/vsign/pkg/crypto/crypto.go:133.14,134.19 1 0
github.com/venafi/vsign/pkg/crypto/crypto.go:135.16,136.21 1 0
github.com/venafi/vsign/pkg/crypto/crypto.go:137.16,138.21 1 0
github.com/venafi/vsign/pkg/crypto/crypto.go:139.16,140.21 1 0
github.com/venafi/vsign/pkg/crypto/crypto.go:141.16,142.21 1 0
github.com/venafi/vsign/pkg/crypto/crypto.go:143.10,144.21 1 0
github.com/venafi/vsign/pkg/crypto/crypto.go:149.69,152.16 2 0
github.com/venafi/vsign/pkg/crypto/crypto.go:152.16,154.3 1 0
github.com/venafi/vsign/pkg/crypto/crypto.go:156.2,156.22 1 0
github.com/venafi/vsign/pkg/crypto/crypto.go:159.39,161.2 1 0
github.com/venafi/vsign/pkg/crypto/crypto.go:163.48,165.2 1 0
github.com/venafi/vsign/pkg/crypto/crypto.go:167.36,169.2 1 0
github.com/venafi/vsign/pkg/crypto/crypto.go:171.106,176.39 3 0
github.com/venafi/vsign/pkg/crypto/crypto.go:177.24,179.37 2 0
github.com/venafi/vsign/pkg/crypto/crypto.go:180.12,181.16 1 0
github.com/venafi/vsign/pkg/crypto/crypto.go:182.12,183.16 1 0
github.com/venafi/vsign/pkg/crypto/crypto.go:184.12,185.16 1 0
github.com/venafi/vsign/pkg/crypto/crypto.go:186.11,187.16 1 0
github.com/venafi/vsign/pkg/crypto/crypto.go:189.3,189.34 1 0
github.com/venafi/vsign/pkg/crypto/crypto.go:189.34,191.4 1 0
github.com/venafi/vsign/pkg/crypto/crypto.go:192.3,194.54 3 0
github.com/venafi/vsign/pkg/crypto/crypto.go:194.54,196.4 1 0
github.com/venafi/vsign/pkg/crypto/crypto.go:197.25,198.50 1 0
github.com/venafi/vsign/pkg/crypto/crypto.go:198.50,200.4 1 0
github.com/venafi/vsign/pkg/crypto/crypto.go:201.22,202.93 1 0
github.com/venafi/vsign/pkg/crypto/crypto.go:202.93,204.18 2 0
github.com/venafi/vsign/pkg/crypto/crypto.go:204.18,206.5 1 0
github.com/venafi/vsign/pkg/crypto/crypto.go:208.10,209.72 1 0
github.com/venafi/vsign/pkg/crypto/crypto.go:213.2,213.12 1 0
github.com/venafi/vsign/pkg/crypto/crypto.go:217.87,220.16 2 0
github.com/venafi/vsign/pkg/crypto/crypto.go:220.16,222.3 1 0
github.com/venafi/vsign/pkg/crypto/crypto.go:224.2,225.18 2 0
github.com/venafi/vsign/pkg/crypto/crypto.go:225.18,227.3 1 0
github.com/venafi/vsign/pkg/crypto/crypto.go:229.2,230.16 2 0
github.com/venafi/vsign/pkg/crypto/crypto.go:230.16,232.3 1 0
github.com/venafi/vsign/pkg/crypto/crypto.go:234.2,234.64 1 0
github.com/venafi/vsign/pkg/crypto/crypto.go:237.57,240.19 3 0
github.com/venafi/vsign/pkg/crypto/crypto.go:240.19,242.34 1 0
github.com/venafi/vsign/pkg/crypto/crypto.go:242.34,244.18 2 0
github.com/venafi/vsign/pkg/crypto/crypto.go:244.18,246.5 1 0
github.com/venafi/vsign/pkg/crypto/crypto.go:247.4,248.34 2 0
github.com/venafi/vsign/pkg/crypto/crypto.go:251.2,251.19 1 0
github.com/venafi/vsign/pkg/crypto/crypto.go:254.68,256.28 2 0
github.com/venafi/vsign/pkg/crypto/crypto.go:256.28,259.17 2 0
github.com/venafi/vsign/pkg/crypto/crypto.go:259.17,261.4 1 0
github.com/venafi/vsign/pkg/crypto/crypto.go:262.3,262.29 1 0
github.com/venafi/vsign/pkg/crypto/crypto.go:264.2,264.19 1 0
github.com/venafi/vsign/examples/simple-cli/main.go:13.13,16.16 2 0
github.com/venafi/vsign/examples/simple-cli/main.go:16.16,17.45 1 0
github.com/venafi/vsign/examples/simple-cli/main.go:19.2,23.16 4 0
github.com/venafi/vsign/examples/simple-cli/main.go:23.16,24.80 1 0
github.com/venafi/vsign/examples/simple-cli/main.go:27.2,28.16 2 0
github.com/venafi/vsign/examples/simple-cli/main.go:28.16,29.61 1 0
github.com/venafi/vsign/examples/simple-cli/main.go:32.2,41.16 2 0
github.com/venafi/vsign/examples/simple-cli/main.go:41.16,42.13 1 0
github.com/venafi/vsign/examples/simple-cli/main.go:45.2,45.53 1 0
github.com/venafi/vsign/cmd/vsign/cli/verify/verify.go:41.27,45.2 3 0
github.com/venafi/vsign/cmd/vsign/cli/verify/verify.go:47.92,53.16 4 0
github.com/venafi/vsign/cmd/vsign/cli/verify/verify.go:53.16,55.3 1 0
github.com/venafi/vsign/cmd/vsign/cli/verify/verify.go:56.2,59.16 3 0
github.com/venafi/vsign/cmd/vsign/cli/verify/verify.go:59.16,61.3 1 0
github.com/venafi/vsign/cmd/vsign/cli/verify/verify.go:63.2,63.29 1 0
github.com/venafi/vsign/cmd/vsign/cli/verify/verify.go:63.29,66.17 2 0
github.com/venafi/vsign/cmd/vsign/cli/verify/verify.go:66.17,69.4 1 0
github.com/venafi/vsign/cmd/vsign/cli/verify/verify.go:71.3,72.17 2 0
github.com/venafi/vsign/cmd/vsign/cli/verify/verify.go:72.17,74.4 1 0
github.com/venafi/vsign/cmd/vsign/cli/verify/verify.go:74.9,77.4 1 0
github.com/venafi/vsign/cmd/vsign/cli/verify/verify.go:80.2,84.40 5 0
github.com/venafi/vsign/cmd/vsign/cli/verify/verify.go:84.40,86.3 1 0
github.com/venafi/vsign/cmd/vsign/cli/verify/verify.go:87.2,88.16 2 0
github.com/venafi/vsign/cmd/vsign/cli/verify/verify.go:88.16,90.3 1 0
github.com/venafi/vsign/cmd/vsign/cli/verify/verify.go:91.2,91.16 1 0
github.com/venafi/vsign/cmd/vsign/cli/verify/verify.go:91.16,93.3 1 0
github.com/venafi/vsign/cmd/vsign/cli/verify/verify.go:95.2,95.29 1 0
github.com/venafi/vsign/cmd/vsign/cli/verify/verify.go:95.29,97.18 2 0
github.com/venafi/vsign/cmd/vsign/cli/verify/verify.go:97.18,99.4 1 0
github.com/venafi/vsign/cmd/vsign/cli/verify/verify.go:100.3,100.34 1 0
github.com/venafi/vsign/cmd/vsign/cli/verify/verify.go:101.8,102.47 1 0
github.com/venafi/vsign/cmd/vsign/cli/verify/verify.go:102.47,104.4 1 0
github.com/venafi/vsign/cmd/vsign/cli/verify/verify.go:105.3,106.17 2 0
github.com/venafi/vsign/cmd/vsign/cli/verify/verify.go:106.17,108.4 1 0
github.com/venafi/vsign/cmd/vsign/cli/verify/verify.go:110.2,110.16 1 0
github.com/venafi/vsign/cmd/vsign/cli/verify/verify.go:110.16,112.3 1 0
github.com/venafi/vsign/cmd/vsign/cli/verify/verify.go:114.2,115.12 2 0
github.com/venafi/vsign/pkg/provider/magic/magic.go:70.52,72.2 1 0
github.com/venafi/vsign/pkg/provider/magic/magic.go:74.58,76.24 2 0
github.com/venafi/vsign/pkg/provider/magic/magic.go:76.24,78.3 1 0
github.com/venafi/vsign/pkg/provider/magic/magic.go:79.2,79.32 1 0
github.com/venafi/vsign/pkg/provider/magic/magic.go:82.60,85.16 3 0
github.com/venafi/vsign/pkg/provider/magic/magic.go:85.16,87.3 1 0
github.com/venafi/vsign/pkg/provider/magic/magic.go:88.2,88.33 1 0
github.com/venafi/vsign/pkg/provider/magic/magic.go:93.35,95.9 2 0
github.com/venafi/vsign/pkg/provider/magic/magic.go:96.53,97.21 1 0
github.com/venafi/vsign/pkg/provider/magic/magic.go:98.48,99.21 1 0
github.com/venafi/vsign/pkg/provider/magic/magic.go:100.47,101.21 1 0
github.com/venafi/vsign/pkg/provider/magic/magic.go:102.99,104.21 1 0
github.com/venafi/vsign/pkg/provider/magic/magic.go:105.99,107.23 1 0
github.com/venafi/vsign/pkg/provider/magic/magic.go:108.53,109.21 1 0
github.com/venafi/vsign/pkg/provider/magic/magic.go:110.17,111.23 1 0
github.com/venafi/vsign/pkg/provider/magic/magic.go:112.17,113.21 1 0
github.com/venafi/vsign/pkg/provider/magic/magic.go:114.35,115.50 1 0
github.com/venafi/vsign/pkg/provider/magic/magic.go:115.50,117.56 2 0
github.com/venafi/vsign/pkg/provider/magic/magic.go:117.56,118.63 1 0
github.com/venafi/vsign/pkg/provider/magic/magic.go:118.63,120.6 1 0
github.com/venafi/vsign/pkg/provider/magic/magic.go:123.41,124.21 1 0
github.com/venafi/vsign/pkg/provider/magic/magic.go:125.37,126.21 1 0
github.com/venafi/vsign/pkg/provider/magic/magic.go:128.42,129.29 1 0
github.com/venafi/vsign/pkg/provider/magic/magic.go:130.100,131.23 1 0
github.com/venafi/vsign/pkg/provider/magic/magic.go:132.53,133.26 1 0
github.com/venafi/vsign/pkg/provider/magic/magic.go:134.53,135.21 1 0
github.com/venafi/vsign/pkg/provider/magic/magic.go:136.93,137.21 1 0
github.com/venafi/vsign/pkg/provider/magic/magic.go:140.2,140.24 1 0
github.com/venafi/vsign/pkg/provider/magic/magic.go:143.63,146.9 3 0
github.com/venafi/vsign/pkg/provider/magic/magic.go:147.41,149.17 2 0
github.com/venafi/vsign/pkg/provider/magic/magic.go:149.17,151.18 2 0
github.com/venafi/vsign/pkg/provider/magic/magic.go:151.18,153.5 1 0
github.com/venafi/vsign/pkg/provider/magic/magic.go:155.3,155.31 1 0
github.com/venafi/vsign/pkg/provider/magic/magic.go:156.45,158.17 2 0
github.com/venafi/vsign/pkg/provider/magic/magic.go:158.17,160.18 2 0
github.com/venafi/vsign/pkg/provider/magic/magic.go:160.18,162.5 1 0
github.com/venafi/vsign/pkg/provider/magic/magic.go:164.3,164.29 1 0
github.com/venafi/vsign/pkg/provider/magic/magic.go:165.53,166.38 1 0
github.com/venafi/vsign/pkg/provider/magic/magic.go:168.2,168.35 1 0
github.com/venafi/vsign/pkg/provider/magic/magic.go:171.72,172.15 1 0
github.com/venafi/vsign/pkg/provider/magic/magic.go:173.22,174.16 1 0
github.com/venafi/vsign/pkg/provider/magic/magic.go:175.22,176.27 1 0
github.com/venafi/vsign/pkg/provider/magic/magic.go:177.20,178.28 1 0
github.com/venafi/vsign/pkg/provider/magic/magic.go:179.10,180.53 1 0
github.com/venafi/vsign/pkg/provider/magic/magic.go:184.35,186.2 1 0
github.com/venafi/vsign/pkg/provider/magic/magic.go:189.40,194.2 2 0
github.com/venafi/vsign/pkg/provider/magic/magic.go:196.35,198.2 1 0
github.com/venafi/vsign/pkg/provider/magic/magic.go:200.38,202.2 1 0
github.com/venafi/vsign/pkg/provider/magic/magic.go:204.37,206.16 2 0
github.com/venafi/vsign/pkg/provider/magic/magic.go:206.16,208.3 1 0
github.com/venafi/vsign/pkg/provider/magic/magic.go:209.2,210.16 2 0
github.com/venafi/vsign/pkg/provider/magic/magic.go:210.16,212.3 1 0
github.com/venafi/vsign/pkg/provider/magic/magic.go:213.2,214.30 2 0
github.com/venafi/vsign/pkg/provider/magic/magic.go:214.30,216.35 2 0
github.com/venafi/vsign/pkg/provider/magic/magic.go:216.35,218.4 1 0
github.com/venafi/vsign/pkg/provider/magic/magic.go:219.3,220.15 2 0
github.com/venafi/vsign/pkg/provider/magic/magic.go:221.30,222.22 1 0
github.com/venafi/vsign/pkg/provider/magic/magic.go:223.27,224.22 1 0
github.com/venafi/vsign/pkg/provider/magic/magic.go:225.66,226.23 1 0
github.com/venafi/vsign/pkg/provider/magic/magic.go:227.33,228.23 1 0
github.com/venafi/vsign/pkg/provider/magic/magic.go:229.31,231.16 1 0
github.com/venafi/vsign/pkg/provider/magic/magic.go:233.3,233.10 1 0
github.com/venafi/vsign/pkg/provider/magic/magic.go:234.51,235.22 1 0
github.com/venafi/vsign/pkg/provider/magic/magic.go:236.60,237.22 1 0
github.com/venafi/vsign/pkg/provider/magic/magic.go:240.2,240.11 1 0
github.com/venafi/vsign/pkg/provider/magic/magic.go:240.11,242.3 1 0
github.com/venafi/vsign/pkg/provider/magic/magic.go:243.2,243.24 1 0
github.com/venafi/vsign/pkg/provider/pdfsig/appearance.go:8.79,14.37 4 0
github.com/venafi/vsign/pkg/provider/pdfsig/appearance.go:14.37,16.3 1 0
github.com/venafi/vsign/pkg/provider/pdfsig/appearance.go:19.2,21.27 3 0
github.com/venafi/vsign/pkg/provider/pdfsig/appearance.go:21.27,23.3 1 0
github.com/venafi/vsign/pkg/provider/pdfsig/appearance.go:25.2,61.39 31 0
github.com/venafi/vsign/pkg/provider/pdfsig/ber.go:19.59,23.32 3 0
github.com/venafi/vsign/pkg/provider/pdfsig/ber.go:23.32,25.17 2 0
github.com/venafi/vsign/pkg/provider/pdfsig/ber.go:25.17,27.4 1 0
github.com/venafi/vsign/pkg/provider/pdfsig/ber.go:29.2,33.12 5 0
github.com/venafi/vsign/pkg/provider/pdfsig/ber.go:42.58,44.16 2 0
github.com/venafi/vsign/pkg/provider/pdfsig/ber.go:44.16,46.3 1 0
github.com/venafi/vsign/pkg/provider/pdfsig/ber.go:47.2,47.51 1 0
github.com/venafi/vsign/pkg/provider/pdfsig/ber.go:47.51,49.3 1 0
github.com/venafi/vsign/pkg/provider/pdfsig/ber.go:52.2,54.12 2 0
github.com/venafi/vsign/pkg/provider/pdfsig/ber.go:57.42,58.19 1 0
github.com/venafi/vsign/pkg/provider/pdfsig/ber.go:58.19,60.3 1 0
github.com/venafi/vsign/pkg/provider/pdfsig/ber.go:62.2,65.16 3 0
github.com/venafi/vsign/pkg/provider/pdfsig/ber.go:65.16,67.3 1 0
github.com/venafi/vsign/pkg/provider/pdfsig/ber.go:68.2,74.25 2 0
github.com/venafi/vsign/pkg/provider/pdfsig/ber.go:78.62,81.19 2 0
github.com/venafi/vsign/pkg/provider/pdfsig/ber.go:81.19,83.17 2 0
github.com/venafi/vsign/pkg/provider/pdfsig/ber.go:83.17,85.4 1 0
github.com/venafi/vsign/pkg/provider/pdfsig/ber.go:88.2,88.12 1 0
github.com/venafi/vsign/pkg/provider/pdfsig/ber.go:92.41,94.14 2 0
github.com/venafi/vsign/pkg/provider/pdfsig/ber.go:94.14,97.3 2 0
github.com/venafi/vsign/pkg/provider/pdfsig/ber.go:98.2,98.8 1 0
github.com/venafi/vsign/pkg/provider/pdfsig/ber.go:115.62,116.19 1 0
github.com/venafi/vsign/pkg/provider/pdfsig/ber.go:116.19,119.17 3 0
github.com/venafi/vsign/pkg/provider/pdfsig/ber.go:119.17,121.4 1 0
github.com/venafi/vsign/pkg/provider/pdfsig/ber.go:122.3,123.17 2 0
github.com/venafi/vsign/pkg/provider/pdfsig/ber.go:123.17,125.4 1 0
github.com/venafi/vsign/pkg/provider/pdfsig/ber.go:126.8,128.17 2 0
github.com/venafi/vsign/pkg/provider/pdfsig/ber.go:128.17,130.4 1 0
github.com/venafi/vsign/pkg/provider/pdfsig/ber.go:132.2,132.8 1 0
github.com/venafi/vsign/pkg/provider/pdfsig/ber.go:135.66,137.22 2 0
github.com/venafi/vsign/pkg/provider/pdfsig/ber.go:137.22,139.3 1 0
github.com/venafi/vsign/pkg/provider/pdfsig/ber.go:140.2,143.22 4 0
github.com/venafi/vsign/pkg/provider/pdfsig/ber.go:143.22,145.3 1 0
github.com/venafi/vsign/pkg/provider/pdfsig/ber.go:146.2,147.17 2 0
github.com/venafi/vsign/pkg/provider/pdfsig/ber.go:147.17,149.27 2 0
github.com/venafi/vsign/pkg/provider/pdfsig/ber.go:149.27,152.23 3 0
github.com/venafi/vsign/pkg/provider/pdfsig/ber.go:152.23,154.5 1 0
github.com/venafi/vsign/pkg/provider/pdfsig/ber.go:158.3,159.22 2 0
github.com/venafi/vsign/pkg/provider/pdfsig/ber.go:159.22,161.4 1 0
github.com/venafi/vsign/pkg/provider/pdfsig/ber.go:163.2,166.15 3 0
github.com/venafi/vsign/pkg/provider/pdfsig/ber.go:166.15,168.3 1 0
github.com/venafi/vsign/pkg/provider/pdfsig/ber.go:168.8,170.3 1 0
github.com/venafi/vsign/pkg/provider/pdfsig/ber.go:172.2,175.21 4 0
github.com/venafi/vsign/pkg/provider/pdfsig/ber.go:175.21,177.3 1 0
github.com/venafi/vsign/pkg/provider/pdfsig/ber.go:178.2,179.14 2 0
github.com/venafi/vsign/pkg/provider/pdfsig/ber.go:179.14,181.24 2 0
github.com/venafi/vsign/pkg/provider/pdfsig/ber.go:181.24,183.4 1 0
github.com/venafi/vsign/pkg/provider/pdfsig/ber.go:184.3,184.54 1 0
github.com/venafi/vsign/pkg/provider/pdfsig/ber.go:184.54,186.4 1 0
github.com/venafi/vsign/pkg/provider/pdfsig/ber.go:187.3,187.32 1 0
github.com/venafi/vsign/pkg/provider/pdfsig/ber.go:187.32,189.4 1 0
github.com/venafi/vsign/pkg/provider/pdfsig/ber.go:190.3,192.38 3 0
github.com/venafi/vsign/pkg/provider/pdfsig/ber.go:192.38,195.23 3 0
github.com/venafi/vsign/pkg/provider/pdfsig/ber.go:195.23,197.5 1 0
github.com/venafi/vsign/pkg/provider/pdfsig/ber.go:199.8,199.22 1 0
github.com/venafi/vsign/pkg/provider/pdfsig/ber.go:199.22,201.3 1 0
github.com/venafi/vsign/pkg/provider/pdfsig/ber.go:201.8,203.3 1 0
github.com/venafi/vsign/pkg/provider/pdfsig/ber.go:204.2,204.16 1 0
github.com/venafi/vsign/pkg/provider/pdfsig/ber.go:204.16,206.3 1 0
github.com/venafi/vsign/pkg/provider/pdfsig/ber.go:208.2,209.27 2 0
github.com/venafi/vsign/pkg/provider/pdfsig/ber.go:209.27,211.3 1 0
github.com/venafi/vsign/pkg/provider/pdfsig/ber.go:212.2,216.29 5 0
github.com/venafi/vsign/pkg/provider/pdfsig/ber.go:216.29,218.3 1 0
github.com/venafi/vsign/pkg/provider/pdfsig/ber.go:219.2,219.15 1 0
github.com/venafi/vsign/pkg/provider/pdfsig/ber.go:219.15,225.3 1 0
github.com/venafi/vsign/pkg/provider/pdfsig/ber.go:225.8,227.43 2 0
github.com/venafi/vsign/pkg/provider/pdfsig/ber.go:227.43,231.18 4 0
github.com/venafi/vsign/pkg/provider/pdfsig/ber.go:231.18,233.5 1 0
github.com/venafi/vsign/pkg/provider/pdfsig/ber.go:234.4,236.18 2 0
github.com/venafi/vsign/pkg/provider/pdfsig/ber.go:236.18,238.19 2 0
github.com/venafi/vsign/pkg/provider/pdfsig/ber.go:238.19,240.6 1 0
github.com/venafi/vsign/pkg/provider/pdfsig/ber.go:242.5,242.19 1 0
github.com/venafi/vsign/pkg/provider/pdfsig/ber.go:242.19,243.11 1 0
github.com/venafi/vsign/pkg/provider/pdfsig/ber.go:247.3,250.4 1 0
github.com/venafi/vsign/pkg/provider/pdfsig/ber.go:254.2,254.16 1 0
github.com/venafi/vsign/pkg/provider/pdfsig/ber.go:254.16,256.3 1 0
github.com/venafi/vsign/pkg/provider/pdfsig/ber.go:258.2,258.29 1 0
github.com/venafi/vsign/pkg/provider/pdfsig/ber.go:261.68,262.25 1 0
github.com/venafi/vsign/pkg/provider/pdfsig/ber.go:262.25,264.3 1 0
github.com/venafi/vsign/pkg/provider/pdfsig/ber.go:266.2,266.62 1 0
github.com/venafi/vsign/pkg/provider/pdfsig/ber.go:269.51,271.2 0 0
github.com/venafi/vsign/pkg/provider/pdfsig/certtype_string.go:19.35,21.43 2 0
github.com/venafi/vsign/pkg/provider/pdfsig/certtype_string.go:21.43,23.3 1 0
github.com/venafi/vsign/pkg/provider/pdfsig/certtype_string.go:24.2,24.64 1 0
github.com/venafi/vsign/pkg/provider/pdfsig/encrypt.go:80.87,83.36 3 0
github.com/venafi/vsign/pkg/provider/pdfsig/encrypt.go:84.36,86.42 2 0
github.com/venafi/vsign/pkg/provider/pdfsig/encrypt.go:87.36,89.42 2 0
github.com/venafi/vsign/pkg/provider/pdfsig/encrypt.go:90.10,91.117 1 0
github.com/venafi/vsign/pkg/provider/pdfsig/encrypt.go:93.2,93.16 1 0
github.com/venafi/vsign/pkg/provider/pdfsig/encrypt.go:93.16,98.17 3 0
github.com/venafi/vsign/pkg/provider/pdfsig/encrypt.go:98.17,100.4 1 0
github.com/venafi/vsign/pkg/provider/pdfsig/encrypt.go:104.2,107.16 3 0
github.com/venafi/vsign/pkg/provider/pdfsig/encrypt.go:107.16,109.3 1 0
github.com/venafi/vsign/pkg/provider/pdfsig/encrypt.go:112.2,113.16 2 0
github.com/venafi/vsign/pkg/provider/pdfsig/encrypt.go:113.16,115.3 1 0
github.com/venafi/vsign/pkg/provider/pdfsig/encrypt.go:117.2,118.16 2 0
github.com/venafi/vsign/pkg/provider/pdfsig/encrypt.go:118.16,120.3 1 0
github.com/venafi/vsign/pkg/provider/pdfsig/encrypt.go:122.2,131.16 4 0
github.com/venafi/vsign/pkg/provider/pdfsig/encrypt.go:131.16,133.3 1 0
github.com/venafi/vsign/pkg/provider/pdfsig/encrypt.go:135.2,147.23 2 0
github.com/venafi/vsign/pkg/provider/pdfsig/encrypt.go:150.87,151.16 1 0
github.com/venafi/vsign/pkg/provider/pdfsig/encrypt.go:151.16,156.17 3 0
github.com/venafi/vsign/pkg/provider/pdfsig/encrypt.go:156.17,158.4 1 0
github.com/venafi/vsign/pkg/provider/pdfsig/encrypt.go:162.2,164.16 3 0
github.com/venafi/vsign/pkg/provider/pdfsig/encrypt.go:164.16,166.3 1 0
github.com/venafi/vsign/pkg/provider/pdfsig/encrypt.go:169.2,170.16 2 0
github.com/venafi/vsign/pkg/provider/pdfsig/encrypt.go:170.16,172.3 1 0
github.com/venafi/vsign/pkg/provider/pdfsig/encrypt.go:173.2,175.16 3 0
github.com/venafi/vsign/pkg/provider/pdfsig/encrypt.go:175.16,177.3 1 0
github.com/venafi/vsign/pkg/provider/pdfsig/encrypt.go:178.2,191.23 4 0
github.com/venafi/vsign/pkg/provider/pdfsig/encrypt.go:194.87,197.36 3 0
github.com/venafi/vsign/pkg/provider/pdfsig/encrypt.go:198.36,200.42 2 0
github.com/venafi/vsign/pkg/provider/pdfsig/encrypt.go:201.36,203.42 2 0
github.com/venafi/vsign/pkg/provider/pdfsig/encrypt.go:204.10,205.117 1 0
github.com/venafi/vsign/pkg/provider/pdfsig/encrypt.go:208.2,208.16 1 0
github.com/venafi/vsign/pkg/provider/pdfsig/encrypt.go:208.16,213.17 3 0
github.com/venafi/vsign/pkg/provider/pdfsig/encrypt.go:213.17,215.4 1 0
github.com/venafi/vsign/pkg/provider/pdfsig/encrypt.go:219.2,221.16 3 0
github.com/venafi/vsign/pkg/provider/pdfsig/encrypt.go:221.16,223.3 1 0
github.com/venafi/vsign/pkg/provider/pdfsig/encrypt.go:226.2,227.16 2 0
github.com/venafi/vsign/pkg/provider/pdfsig/encrypt.go:227.16,229.3 1 0
github.com/venafi/vsign/pkg/provider/pdfsig/encrypt.go:230.2,232.16 3 0
github.com/venafi/vsign/pkg/provider/pdfsig/encrypt.go:232.16,234.3 1 0
github.com/venafi/vsign/pkg/provider/pdfsig/encrypt.go:235.2,248.23 4 0
github.com/venafi/vsign/pkg/provider/pdfsig/encrypt.go:262.78,268.36 4 0
github.com/venafi/vsign/pkg/provider/pdfsig/encrypt.go:269.33,270.46 1 0
github.com/venafi/vsign/pkg/provider/pdfsig/encrypt.go:271.36,272.14 1 0
github.com/venafi/vsign/pkg/provider/pdfsig/encrypt.go:273.36,274.46 1 0
github.com/venafi/vsign/pkg/provider/pdfsig/encrypt.go:275.36,276.14 1 0
github.com/venafi/vsign/pkg/provider/pdfsig/encrypt.go:277.36,278.46 1 0
github.com/venafi/vsign/pkg/provider/pdfsig/encrypt.go:280.10,281.48 1 0
github.com/venafi/vsign/pkg/provider/pdfsig/encrypt.go:284.2,284.16 1 0
github.com/venafi/vsign/pkg/provider/pdfsig/encrypt.go:284.16,286.3 1 0
github.com/venafi/vsign/pkg/provider/pdfsig/encrypt.go:289.2,290.39 2 0
github.com/venafi/vsign/pkg/provider/pdfsig/encrypt.go:290.39,292.17 2 0
github.com/venafi/vsign/pkg/provider/pdfsig/encrypt.go:292.17,294.4 1 0
github.com/venafi/vsign/pkg/provider/pdfsig/encrypt.go:295.3,296.17 2 0
github.com/venafi/vsign/pkg/provider/pdfsig/encrypt.go:296.17,298.4 1 0
github.com/venafi/vsign/pkg/provider/pdfsig/encrypt.go:299.3,307.27 2 0
github.com/venafi/vsign/pkg/provider/pdfsig/encrypt.go:311.2,317.16 3 0
github.com/venafi/vsign/pkg/provider/pdfsig/encrypt.go:317.16,319.3 1 0
github.com/venafi/vsign/pkg/provider/pdfsig/encrypt.go:322.2,327.30 2 0
github.com/venafi/vsign/pkg/provider/pdfsig/encrypt.go:332.66,336.16 3 0
github.com/venafi/vsign/pkg/provider/pdfsig/encrypt.go:336.16,338.3 1 0
github.com/venafi/vsign/pkg/provider/pdfsig/encrypt.go:341.2,341.36 1 0
github.com/venafi/vsign/pkg/provider/pdfsig/encrypt.go:342.33,343.44 1 0
github.com/venafi/vsign/pkg/provider/pdfsig/encrypt.go:345.36,346.14 1 0
github.com/venafi/vsign/pkg/provider/pdfsig/encrypt.go:347.36,348.44 1 0
github.com/venafi/vsign/pkg/provider/pdfsig/encrypt.go:350.10,351.48 1 0
github.com/venafi/vsign/pkg/provider/pdfsig/encrypt.go:354.2,354.16 1 0
github.com/venafi/vsign/pkg/provider/pdfsig/encrypt.go:354.16,356.3 1 0
github.com/venafi/vsign/pkg/provider/pdfsig/encrypt.go:359.2,364.16 3 0
github.com/venafi/vsign/pkg/provider/pdfsig/encrypt.go:364.16,366.3 1 0
github.com/venafi/vsign/pkg/provider/pdfsig/encrypt.go:369.2,374.30 2 0
github.com/venafi/vsign/pkg/provider/pdfsig/encrypt.go:377.60,380.2 2 0
github.com/venafi/vsign/pkg/provider/pdfsig/encrypt.go:382.74,383.61 1 0
github.com/venafi/vsign/pkg/provider/pdfsig/encrypt.go:383.61,385.3 1 0
github.com/venafi/vsign/pkg/provider/pdfsig/encrypt.go:386.2,386.37 1 0
github.com/venafi/vsign/pkg/provider/pdfsig/encrypt.go:389.53,390.18 1 0
github.com/venafi/vsign/pkg/provider/pdfsig/encrypt.go:390.18,392.3 1 0
github.com/venafi/vsign/pkg/provider/pdfsig/encrypt.go:393.2,394.17 2 0
github.com/venafi/vsign/pkg/provider/pdfsig/encrypt.go:394.17,396.3 1 0
github.com/venafi/vsign/pkg/provider/pdfsig/encrypt.go:397.2,398.34 2 0
github.com/venafi/vsign/pkg/provider/pdfsig/helpers.go:19.57,21.28 2 0
github.com/venafi/vsign/pkg/provider/pdfsig/helpers.go:21.28,23.49 1 0
github.com/venafi/vsign/pkg/provider/pdfsig/helpers.go:23.49,26.26 3 0
github.com/venafi/vsign/pkg/provider/pdfsig/helpers.go:26.26,28.5 1 0
github.com/venafi/vsign/pkg/provider/pdfsig/helpers.go:31.3,31.57 1 0
github.com/venafi/vsign/pkg/provider/pdfsig/helpers.go:34.2,34.27 1 0
github.com/venafi/vsign/pkg/provider/pdfsig/helpers.go:34.27,36.3 1 0
github.com/venafi/vsign/pkg/provider/pdfsig/helpers.go:38.2,38.56 1 0
github.com/venafi/vsign/pkg/provider/pdfsig/helpers.go:41.36,42.20 1 0
github.com/venafi/vsign/pkg/provider/pdfsig/helpers.go:42.20,46.17 3 0
github.com/venafi/vsign/pkg/provider/pdfsig/helpers.go:46.17,47.14 1 0
github.com/venafi/vsign/pkg/provider/pdfsig/helpers.go:49.3,49.25 1 0
github.com/venafi/vsign/pkg/provider/pdfsig/helpers.go:60.2,66.13 6 0
github.com/venafi/vsign/pkg/provider/pdfsig/helpers.go:69.41,73.16 3 0
github.com/venafi/vsign/pkg/provider/pdfsig/helpers.go:73.16,75.3 1 0
github.com/venafi/vsign/pkg/provider/pdfsig/helpers.go:77.2,85.25 6 0
github.com/venafi/vsign/pkg/provider/pdfsig/helpers.go:85.25,87.3 1 0
github.com/venafi/vsign/pkg/provider/pdfsig/helpers.go:87.8,89.3 1 0
github.com/venafi/vsign/pkg/provider/pdfsig/helpers.go:91.2,95.30 4 0
github.com/venafi/vsign/pkg/provider/pdfsig/helpers.go:98.56,99.15 1 0
github.com/venafi/vsign/pkg/provider/pdfsig/helpers.go:99.15,101.3 1 0
github.com/venafi/vsign/pkg/provider/pdfsig/helpers.go:102.2,102.41 1 0
github.com/venafi/vsign/pkg/provider/pdfsig/helpers.go:105.125,107.16 2 0
github.com/venafi/vsign/pkg/provider/pdfsig/helpers.go:107.16,109.3 1 0
github.com/venafi/vsign/pkg/provider/pdfsig/helpers.go:112.2,115.31 2 0
github.com/venafi/vsign/pkg/provider/pdfsig/helpers.go:115.31,117.3 1 0
github.com/venafi/vsign/pkg/provider/pdfsig/helpers.go:120.2,122.17 2 0
github.com/venafi/vsign/pkg/provider/pdfsig/helpers.go:122.17,124.3 1 0
github.com/venafi/vsign/pkg/provider/pdfsig/helpers.go:127.2,128.6 2 0
github.com/venafi/vsign/pkg/provider/pdfsig/helpers.go:128.6,131.34 2 0
github.com/venafi/vsign/pkg/provider/pdfsig/helpers.go:131.34,133.4 1 0
github.com/venafi/vsign/pkg/provider/pdfsig/helpers.go:136.3,136.20 1 0
github.com/venafi/vsign/pkg/provider/pdfsig/helpers.go:136.20,137.9 1 0
github.com/venafi/vsign/pkg/provider/pdfsig/helpers.go:141.3,141.13 1 0
github.com/venafi/vsign/pkg/provider/pdfsig/helpers.go:141.13,142.9 1 0
github.com/venafi/vsign/pkg/provider/pdfsig/helpers.go:146.3,146.55 1 0
github.com/venafi/vsign/pkg/provider/pdfsig/helpers.go:146.55,148.4 1 0
github.com/venafi/vsign/pkg/provider/pdfsig/helpers.go:150.3,153.27 2 0
github.com/venafi/vsign/pkg/provider/pdfsig/helpers.go:153.27,154.9 1 0
github.com/venafi/vsign/pkg/provider/pdfsig/helpers.go:159.3,159.43 1 0
github.com/venafi/vsign/pkg/provider/pdfsig/helpers.go:159.43,161.4 1 0
github.com/venafi/vsign/pkg/provider/pdfsig/helpers.go:164.2,164.12 1 0
github.com/venafi/vsign/pkg/provider/pdfsig/helpers.go:183.72,184.34 1 0
github.com/venafi/vsign/pkg/provider/pdfsig/helpers.go:184.34,185.21 1 0
github.com/venafi/vsign/pkg/provider/pdfsig/helpers.go:185.21,187.4 1 0
github.com/venafi/vsign/pkg/provider/pdfsig/helpers.go:189.2,189.12 1 0
github.com/venafi/vsign/pkg/provider/pdfsig/helpers.go:192.29,193.22 1 0
github.com/venafi/vsign/pkg/provider/pdfsig/helpers.go:193.22,194.19 1 0
github.com/venafi/vsign/pkg/provider/pdfsig/helpers.go:194.19,196.4 1 0
github.com/venafi/vsign/pkg/provider/pdfsig/helpers.go:198.2,198.13 1 0
github.com/venafi/vsign/pkg/provider/pdfsig/pdfbyterange.go:9.53,10.59 1 0
github.com/venafi/vsign/pkg/provider/pdfsig/pdfbyterange.go:10.59,12.3 1 0
github.com/venafi/vsign/pkg/provider/pdfsig/pdfbyterange.go:15.2,17.25 3 0
github.com/venafi/vsign/pkg/provider/pdfsig/pdfbyterange.go:17.25,19.3 1 0
github.com/venafi/vsign/pkg/provider/pdfsig/pdfbyterange.go:22.2,34.62 5 0
github.com/venafi/vsign/pkg/provider/pdfsig/pdfbyterange.go:34.62,36.3 1 0
github.com/venafi/vsign/pkg/provider/pdfsig/pdfbyterange.go:36.8,36.70 1 0
github.com/venafi/vsign/pkg/provider/pdfsig/pdfbyterange.go:36.70,38.3 1 0
github.com/venafi/vsign/pkg/provider/pdfsig/pdfbyterange.go:41.2,42.28 2 0
github.com/venafi/vsign/pkg/provider/pdfsig/pdfbyterange.go:42.28,44.3 1 0
github.com/venafi/vsign/pkg/provider/pdfsig/pdfbyterange.go:47.2,52.72 4 0
github.com/venafi/vsign/pkg/provider/pdfsig/pdfbyterange.go:52.72,54.3 1 0
github.com/venafi/vsign/pkg/provider/pdfsig/pdfbyterange.go:56.2,56.12 1 0
github.com/venafi/vsign/pkg/provider/pdfsig/pdfcatalog.go:8.61,37.34 8 0
github.com/venafi/vsign/pkg/provider/pdfsig/pdfcatalog.go:37.34,38.14 1 0
github.com/venafi/vsign/pkg/provider/pdfsig/pdfcatalog.go:39.16,40.21 1 0
github.com/venafi/vsign/pkg/provider/pdfsig/pdfcatalog.go:41.16,42.21 1 0
github.com/venafi/vsign/pkg/provider/pdfsig/pdfcatalog.go:44.3,44.31 1 0
github.com/venafi/vsign/pkg/provider/pdfsig/pdfcatalog.go:44.31,45.9 1 0
github.com/venafi/vsign/pkg/provider/pdfsig/pdfcatalog.go:50.2,50.16 1 0
github.com/venafi/vsign/pkg/provider/pdfsig/pdfcatalog.go:50.16,53.3 2 0
github.com/venafi/vsign/pkg/provider/pdfsig/pdfcatalog.go:54.2,54.16 1 0
github.com/venafi/vsign/pkg/provider/pdfsig/pdfcatalog.go:54.16,57.3 2 0
github.com/venafi/vsign/pkg/provider/pdfsig/pdfcatalog.go:60.2,64.49 3 0
github.com/venafi/vsign/pkg/provider/pdfsig/pdfcatalog.go:64.49,65.12 1 0
github.com/venafi/vsign/pkg/provider/pdfsig/pdfcatalog.go:65.12,67.4 1 0
github.com/venafi/vsign/pkg/provider/pdfsig/pdfcatalog.go:68.3,68.71 1 0
github.com/venafi/vsign/pkg/provider/pdfsig/pdfcatalog.go:72.2,72.41 1 0
github.com/venafi/vsign/pkg/provider/pdfsig/pdfcatalog.go:72.41,74.3 1 0
github.com/venafi/vsign/pkg/provider/pdfsig/pdfcatalog.go:75.2,113.45 3 0
github.com/venafi/vsign/pkg/provider/pdfsig/pdfcatalog.go:114.69,115.50 1 0
github.com/venafi/vsign/pkg/provider/pdfsig/pdfcatalog.go:116.28,117.50 1 0
github.com/venafi/vsign/pkg/provider/pdfsig/pdfcatalog.go:121.2,124.36 3 0
github.com/venafi/vsign/pkg/provider/pdfsig/pdfinfo.go:7.67,13.32 5 0
github.com/venafi/vsign/pkg/provider/pdfsig/pdfinfo.go:13.32,15.23 2 0
github.com/venafi/vsign/pkg/provider/pdfsig/pdfinfo.go:15.23,17.4 1 0
github.com/venafi/vsign/pkg/provider/pdfsig/pdfinfo.go:17.9,19.4 1 0
github.com/venafi/vsign/pkg/provider/pdfsig/pdfinfo.go:22.2,24.18 3 0
github.com/venafi/vsign/pkg/provider/pdfsig/pdfsignature.go:35.65,54.45 11 0
github.com/venafi/vsign/pkg/provider/pdfsig/pdfsignature.go:55.52,57.54 2 0
github.com/venafi/vsign/pkg/provider/pdfsig/pdfsignature.go:60.2,60.45 1 0
github.com/venafi/vsign/pkg/provider/pdfsig/pdfsignature.go:62.30,92.47 5 0
github.com/venafi/vsign/pkg/provider/pdfsig/pdfsignature.go:95.28,101.49 4 0
github.com/venafi/vsign/pkg/provider/pdfsig/pdfsignature.go:104.25,127.49 5 0
github.com/venafi/vsign/pkg/provider/pdfsig/pdfsignature.go:132.2,132.42 1 0
github.com/venafi/vsign/pkg/provider/pdfsig/pdfsignature.go:133.18,134.58 1 0
github.com/venafi/vsign/pkg/provider/pdfsig/pdfsignature.go:135.19,136.59 1 0
github.com/venafi/vsign/pkg/provider/pdfsig/pdfsignature.go:137.21,138.61 1 0
github.com/venafi/vsign/pkg/provider/pdfsig/pdfsignature.go:139.21,140.61 1 0
github.com/venafi/vsign/pkg/provider/pdfsig/pdfsignature.go:141.21,142.61 1 0
github.com/venafi/vsign/pkg/provider/pdfsig/pdfsignature.go:143.24,144.64 1 0
github.com/venafi/vsign/pkg/provider/pdfsig/pdfsignature.go:147.2,147.45 1 0
github.com/venafi/vsign/pkg/provider/pdfsig/pdfsignature.go:148.52,151.37 3 0
github.com/venafi/vsign/pkg/provider/pdfsig/pdfsignature.go:154.2,154.45 1 0
github.com/venafi/vsign/pkg/provider/pdfsig/pdfsignature.go:155.25,156.40 1 0
github.com/venafi/vsign/pkg/provider/pdfsig/pdfsignature.go:159.2,159.48 1 0
github.com/venafi/vsign/pkg/provider/pdfsig/pdfsignature.go:159.48,163.3 3 0
github.com/venafi/vsign/pkg/provider/pdfsig/pdfsignature.go:164.2,164.52 1 0
github.com/venafi/vsign/pkg/provider/pdfsig/pdfsignature.go:164.52,168.3 3 0
github.com/venafi/vsign/pkg/provider/pdfsig/pdfsignature.go:169.2,169.50 1 0
github.com/venafi/vsign/pkg/provider/pdfsig/pdfsignature.go:169.50,173.3 3 0
github.com/venafi/vsign/pkg/provider/pdfsig/pdfsignature.go:174.2,174.55 1 0
github.com/venafi/vsign/pkg/provider/pdfsig/pdfsignature.go:174.55,178.3 3 0
github.com/venafi/vsign/pkg/provider/pdfsig/pdfsignature.go:190.2,190.86 1 0
github.com/venafi/vsign/pkg/provider/pdfsig/pdfsignature.go:190.86,194.3 3 0
github.com/venafi/vsign/pkg/provider/pdfsig/pdfsignature.go:196.2,198.33 2 0
github.com/venafi/vsign/pkg/provider/pdfsig/pdfsignature.go:201.65,220.2 12 0
github.com/venafi/vsign/pkg/provider/pdfsig/pdfsignature.go:222.57,223.48 1 0
github.com/venafi/vsign/pkg/provider/pdfsig/pdfsignature.go:223.48,224.97 1 0
github.com/venafi/vsign/pkg/provider/pdfsig/pdfsignature.go:224.97,226.64 2 0
github.com/venafi/vsign/pkg/provider/pdfsig/pdfsignature.go:226.64,227.51 1 0
github.com/venafi/vsign/pkg/provider/pdfsig/pdfsignature.go:227.51,228.38 1 0
github.com/venafi/vsign/pkg/provider/pdfsig/pdfsignature.go:228.38,230.21 2 0
github.com/venafi/vsign/pkg/provider/pdfsig/pdfsignature.go:230.21,232.8 1 0
github.com/venafi/vsign/pkg/provider/pdfsig/pdfsignature.go:233.12,235.21 2 0
github.com/venafi/vsign/pkg/provider/pdfsig/pdfsignature.go:235.21,237.8 1 0
github.com/venafi/vsign/pkg/provider/pdfsig/pdfsignature.go:245.2,245.58 1 0
github.com/venafi/vsign/pkg/provider/pdfsig/pdfsignature.go:245.58,247.3 1 0
github.com/venafi/vsign/pkg/provider/pdfsig/pdfsignature.go:248.2,248.60 1 0
github.com/venafi/vsign/pkg/provider/pdfsig/pdfsignature.go:248.60,250.3 1 0
github.com/venafi/vsign/pkg/provider/pdfsig/pdfsignature.go:252.2,252.12 1 0
github.com/venafi/vsign/pkg/provider/pdfsig/pdfsignature.go:255.85,260.66 4 0
github.com/venafi/vsign/pkg/provider/pdfsig/pdfsignature.go:260.66,261.67 1 0
github.com/venafi/vsign/pkg/provider/pdfsig/pdfsignature.go:261.67,262.68 1 0
github.com/venafi/vsign/pkg/provider/pdfsig/pdfsignature.go:262.68,264.67 1 0
github.com/venafi/vsign/pkg/provider/pdfsig/pdfsignature.go:264.67,265.70 1 0
github.com/venafi/vsign/pkg/provider/pdfsig/pdfsignature.go:265.70,267.7 1 0
github.com/venafi/vsign/pkg/provider/pdfsig/pdfsignature.go:269.5,269.40 1 0
github.com/venafi/vsign/pkg/provider/pdfsig/pdfsignature.go:274.2,275.16 2 0
github.com/venafi/vsign/pkg/provider/pdfsig/pdfsignature.go:275.16,277.3 1 0
github.com/venafi/vsign/pkg/provider/pdfsig/pdfsignature.go:278.2,282.64 2 0
github.com/venafi/vsign/pkg/provider/pdfsig/pdfsignature.go:282.64,284.3 1 0
github.com/venafi/vsign/pkg/provider/pdfsig/pdfsignature.go:285.2,285.33 1 0
github.com/venafi/vsign/pkg/provider/pdfsig/pdfsignature.go:288.63,289.59 1 0
github.com/venafi/vsign/pkg/provider/pdfsig/pdfsignature.go:289.59,291.3 1 0
github.com/venafi/vsign/pkg/provider/pdfsig/pdfsignature.go:294.2,302.63 5 0
github.com/venafi/vsign/pkg/provider/pdfsig/pdfsignature.go:302.63,315.17 2 0
github.com/venafi/vsign/pkg/provider/pdfsig/pdfsignature.go:315.17,317.4 1 0
github.com/venafi/vsign/pkg/provider/pdfsig/pdfsignature.go:319.3,320.17 2 0
github.com/venafi/vsign/pkg/provider/pdfsig/pdfsignature.go:320.17,322.4 1 0
github.com/venafi/vsign/pkg/provider/pdfsig/pdfsignature.go:324.3,324.26 1 0
github.com/venafi/vsign/pkg/provider/pdfsig/pdfsignature.go:328.2,329.16 2 0
github.com/venafi/vsign/pkg/provider/pdfsig/pdfsignature.go:329.16,331.3 1 0
github.com/venafi/vsign/pkg/provider/pdfsig/pdfsignature.go:333.2,335.16 3 0
github.com/venafi/vsign/pkg/provider/pdfsig/pdfsignature.go:335.16,337.3 1 0
github.com/venafi/vsign/pkg/provider/pdfsig/pdfsignature.go:339.2,351.99 3 0
github.com/venafi/vsign/pkg/provider/pdfsig/pdfsignature.go:351.99,353.3 1 0
github.com/venafi/vsign/pkg/provider/pdfsig/pdfsignature.go:357.2,357.124 1 0
github.com/venafi/vsign/pkg/provider/pdfsig/pdfsignature.go:357.124,359.3 1 0
github.com/venafi/vsign/pkg/provider/pdfsig/pdfsignature.go:362.2,364.36 2 0
github.com/venafi/vsign/pkg/provider/pdfsig/pdfsignature.go:364.36,368.17 3 0
github.com/venafi/vsign/pkg/provider/pdfsig/pdfsignature.go:368.17,370.4 1 0
github.com/venafi/vsign/pkg/provider/pdfsig/pdfsignature.go:372.3,373.17 2 0
github.com/venafi/vsign/pkg/provider/pdfsig/pdfsignature.go:373.17,375.4 1 0
github.com/venafi/vsign/pkg/provider/pdfsig/pdfsignature.go:377.3,378.17 2 0
github.com/venafi/vsign/pkg/provider/pdfsig/pdfsignature.go:378.17,380.4 1 0
github.com/venafi/vsign/pkg/provider/pdfsig/pdfsignature.go:382.3,386.118 2 0
github.com/venafi/vsign/pkg/provider/pdfsig/pdfsignature.go:386.118,388.4 1 0
github.com/venafi/vsign/pkg/provider/pdfsig/pdfsignature.go:391.2,391.29 1 0
github.com/venafi/vsign/pkg/provider/pdfsig/pdfsignature.go:394.92,396.16 2 0
github.com/venafi/vsign/pkg/provider/pdfsig/pdfsignature.go:396.16,398.3 1 0
github.com/venafi/vsign/pkg/provider/pdfsig/pdfsignature.go:400.2,402.21 2 0
github.com/venafi/vsign/pkg/provider/pdfsig/pdfsignature.go:403.22,412.17 2 0
github.com/venafi/vsign/pkg/provider/pdfsig/pdfsignature.go:412.17,414.4 1 0
github.com/venafi/vsign/pkg/provider/pdfsig/pdfsignature.go:415.24,424.17 2 0
github.com/venafi/vsign/pkg/provider/pdfsig/pdfsignature.go:424.17,426.4 1 0
github.com/venafi/vsign/pkg/provider/pdfsig/pdfsignature.go:427.10,428.54 1 0
github.com/venafi/vsign/pkg/provider/pdfsig/pdfsignature.go:431.2,431.23 1 0
github.com/venafi/vsign/pkg/provider/pdfsig/pdfsignature.go:434.142,442.23 3 0
github.com/venafi/vsign/pkg/provider/pdfsig/pdfsignature.go:442.23,445.3 1 0
github.com/venafi/vsign/pkg/provider/pdfsig/pdfsignature.go:445.8,447.17 2 0
github.com/venafi/vsign/pkg/provider/pdfsig/pdfsignature.go:447.17,449.4 1 0
github.com/venafi/vsign/pkg/provider/pdfsig/pdfsignature.go:451.3,451.67 1 0
github.com/venafi/vsign/pkg/provider/pdfsig/pdfsignature.go:453.2,457.16 3 0
github.com/venafi/vsign/pkg/provider/pdfsig/pdfsignature.go:457.16,459.3 1 0
github.com/venafi/vsign/pkg/provider/pdfsig/pdfsignature.go:460.2,464.16 5 0
github.com/venafi/vsign/pkg/provider/pdfsig/pdfsignature.go:464.16,466.3 1 0
github.com/venafi/vsign/pkg/provider/pdfsig/pdfsignature.go:467.2,471.52 5 0
github.com/venafi/vsign/pkg/provider/pdfsig/pdfsignature.go:471.52,473.3 1 0
github.com/venafi/vsign/pkg/provider/pdfsig/pdfsignature.go:474.2,475.16 2 0
github.com/venafi/vsign/pkg/provider/pdfsig/pdfsignature.go:475.16,477.3 1 0
github.com/venafi/vsign/pkg/provider/pdfsig/pdfsignature.go:478.2,479.54 2 0
github.com/venafi/vsign/pkg/provider/pdfsig/pdfsignature.go:479.54,481.3 1 0
github.com/venafi/vsign/pkg/provider/pdfsig/pdfsignature.go:482.2,483.16 2 0
github.com/venafi/vsign/pkg/provider/pdfsig/pdfsignature.go:483.16,485.3 1 0
github.com/venafi/vsign/pkg/provider/pdfsig/pdfsignature.go:487.2,488.16 2 0
github.com/venafi/vsign/pkg/provider/pdfsig/pdfsignature.go:488.16,490.3 1 0
github.com/venafi/vsign/pkg/provider/pdfsig/pdfsignature.go:491.2,500.30 2 0
github.com/venafi/vsign/pkg/provider/pdfsig/pdfsignature.go:500.30,502.23 2 0
github.com/venafi/vsign/pkg/provider/pdfsig/pdfsignature.go:502.23,504.4 1 0
github.com/venafi/vsign/pkg/provider/pdfsig/pdfsignature.go:506.2,507.12 2 0
github.com/venafi/vsign/pkg/provider/pdfsig/pdfsignature.go:510.96,514.53 3 0
github.com/venafi/vsign/pkg/provider/pdfsig/pdfsignature.go:514.53,516.3 1 0
github.com/venafi/vsign/pkg/provider/pdfsig/pdfsignature.go:516.8,518.3 1 0
github.com/venafi/vsign/pkg/provider/pdfsig/pdfsignature.go:520.2,524.16 2 0
github.com/venafi/vsign/pkg/provider/pdfsig/pdfsignature.go:524.16,526.3 1 0
github.com/venafi/vsign/pkg/provider/pdfsig/pdfsignature.go:528.2,530.16 3 0
github.com/venafi/vsign/pkg/provider/pdfsig/pdfsignature.go:530.16,532.3 1 0
github.com/venafi/vsign/pkg/provider/pdfsig/pdfsignature.go:534.2,537.80 3 0
github.com/venafi/vsign/pkg/provider/pdfsig/pdfsignature.go:537.80,539.3 1 0
github.com/venafi/vsign/pkg/provider/pdfsig/pdfsignature.go:541.2,545.17 4 0
github.com/venafi/vsign/pkg/provider/pdfsig/pdfsignature.go:545.17,547.3 1 0
github.com/venafi/vsign/pkg/provider/pdfsig/pdfsignature.go:549.2,549.46 1 0
github.com/venafi/vsign/pkg/provider/pdfsig/pdfsignature.go:549.46,550.17 1 0
github.com/venafi/vsign/pkg/provider/pdfsig/pdfsignature.go:550.17,554.4 3 0
github.com/venafi/vsign/pkg/provider/pdfsig/pdfsignature.go:556.3,556.78 1 0
github.com/venafi/vsign/pkg/provider/pdfsig/pdfsignature.go:559.2,561.16 3 0
github.com/venafi/vsign/pkg/provider/pdfsig/pdfsignature.go:561.16,563.3 1 0
github.com/venafi/vsign/pkg/provider/pdfsig/pdfsignature.go:565.2,565.37 1 0
github.com/venafi/vsign/pkg/provider/pdfsig/pdfsignature.go:568.64,570.16 2 0
github.com/venafi/vsign/pkg/provider/pdfsig/pdfsignature.go:570.16,572.3 1 0
[...]
github.com/venafi/vsign/pkg/provider/pdfsig/sign.go:104.69,107.16 3 0
github.com/venafi/vsign/pkg/provider/pdfsig/sign.go:107.16,109.3 1 0
github.com/venafi/vsign/pkg/provider/pdfsig/sign.go:110.2,110.37 1 0
github.com/venafi/vsign/pkg/provider/pdfsig/sign.go:114.69,116.29 2 0
github.com/venafi/vsign/pkg/provider/pdfsig/sign.go:116.29,118.3 1 0
github.com/venafi/vsign/pkg/provider/pdfsig/sign.go:119.2,120.17 2 0
github.com/venafi/vsign/pkg/provider/pdfsig/sign.go:124.48,127.16 3 0
github.com/venafi/vsign/pkg/provider/pdfsig/sign.go:127.16,129.3 1 0
github.com/venafi/vsign/pkg/provider/pdfsig/sign.go:130.2,134.28 2 0
github.com/venafi/vsign/pkg/provider/pdfsig/sign.go:233.64,235.16 2 0
github.com/venafi/vsign/pkg/provider/pdfsig/sign.go:235.16,237.3 1 0
github.com/venafi/vsign/pkg/provider/pdfsig/sign.go:238.2,241.16 3 0
github.com/venafi/vsign/pkg/provider/pdfsig/sign.go:241.16,243.3 1 0
github.com/venafi/vsign/pkg/provider/pdfsig/sign.go:244.2,247.16 3 0
github.com/venafi/vsign/pkg/provider/pdfsig/sign.go:247.16,249.3 1 0
github.com/venafi/vsign/pkg/provider/pdfsig/sign.go:251.2,251.47 1 0
github.com/venafi/vsign/pkg/provider/pdfsig/sign.go:254.97,266.16 4 0
github.com/venafi/vsign/pkg/provider/pdfsig/sign.go:266.16,268.3 1 0
github.com/venafi/vsign/pkg/provider/pdfsig/sign.go:269.2,272.16 3 0
github.com/venafi/vsign/pkg/provider/pdfsig/sign.go:272.16,274.3 1 0
github.com/venafi/vsign/pkg/provider/pdfsig/sign.go:276.2,276.27 1 0
github.com/venafi/vsign/pkg/provider/pdfsig/sign.go:279.55,281.46 1 0
github.com/venafi/vsign/pkg/provider/pdfsig/sign.go:281.46,283.3 1 0
github.com/venafi/vsign/pkg/provider/pdfsig/sign.go:284.2,284.48 1 0
github.com/venafi/vsign/pkg/provider/pdfsig/sign.go:284.48,286.3 1 0
github.com/venafi/vsign/pkg/provider/pdfsig/sign.go:287.2,287.51 1 0
github.com/venafi/vsign/pkg/provider/pdfsig/sign.go:287.51,289.3 1 0
github.com/venafi/vsign/pkg/provider/pdfsig/sign.go:290.2,290.43 1 0
github.com/venafi/vsign/pkg/provider/pdfsig/sign.go:290.43,292.3 1 0
github.com/venafi/vsign/pkg/provider/pdfsig/sign.go:294.2,298.16 3 0
github.com/venafi/vsign/pkg/provider/pdfsig/sign.go:298.16,300.3 1 0
github.com/venafi/vsign/pkg/provider/pdfsig/sign.go:301.2,301.76 1 0
github.com/venafi/vsign/pkg/provider/pdfsig/sign.go:301.76,303.3 1 0
github.com/venafi/vsign/pkg/provider/pdfsig/sign.go:306.2,306.68 1 0
github.com/venafi/vsign/pkg/provider/pdfsig/sign.go:306.68,308.3 1 0
github.com/venafi/vsign/pkg/provider/pdfsig/sign.go:311.2,314.63 2 0
github.com/venafi/vsign/pkg/provider/pdfsig/sign.go:314.63,315.67 1 0
github.com/venafi/vsign/pkg/provider/pdfsig/sign.go:316.19,316.19 0 0
github.com/venafi/vsign/pkg/provider/pdfsig/sign.go:317.21,317.21 0 0
github.com/venafi/vsign/pkg/provider/pdfsig/sign.go:318.19,319.61 1 0
github.com/venafi/vsign/pkg/provider/pdfsig/sign.go:320.21,320.21 0 0
github.com/venafi/vsign/pkg/provider/pdfsig/sign.go:321.23,321.23 0 0
github.com/venafi/vsign/pkg/provider/pdfsig/sign.go:322.21,323.61 1 0
github.com/venafi/vsign/pkg/provider/pdfsig/sign.go:324.21,324.21 0 0
github.com/venafi/vsign/pkg/provider/pdfsig/sign.go:325.23,326.61 1 0
github.com/venafi/vsign/pkg/provider/pdfsig/sign.go:327.21,327.21 0 0
github.com/venafi/vsign/pkg/provider/pdfsig/sign.go:328.23,329.61 1 0
github.com/venafi/vsign/pkg/provider/pdfsig/sign.go:333.3,337.17 3 0
github.com/venafi/vsign/pkg/provider/pdfsig/sign.go:337.17,339.4 1 0
github.com/venafi/vsign/pkg/provider/pdfsig/sign.go:341.3,348.100 4 0
github.com/venafi/vsign/pkg/provider/pdfsig/sign.go:348.100,350.4 1 0
github.com/venafi/vsign/pkg/provider/pdfsig/sign.go:352.3,352.33 1 0
github.com/venafi/vsign/pkg/provider/pdfsig/sign.go:352.33,353.43 1 0
github.com/venafi/vsign/pkg/provider/pdfsig/sign.go:353.43,355.19 2 0
github.com/venafi/vsign/pkg/provider/pdfsig/sign.go:355.19,357.6 1 0
github.com/venafi/vsign/pkg/provider/pdfsig/sign.go:359.5,359.75 1 0
github.com/venafi/vsign/pkg/provider/pdfsig/sign.go:365.3,365.55 1 0
github.com/venafi/vsign/pkg/provider/pdfsig/sign.go:365.55,367.4 1 0
github.com/venafi/vsign/pkg/provider/pdfsig/sign.go:375.2,375.36 1 0
github.com/venafi/vsign/pkg/provider/pdfsig/sign.go:375.36,377.3 1 0
github.com/venafi/vsign/pkg/provider/pdfsig/sign.go:380.2,382.45 2 0
github.com/venafi/vsign/pkg/provider/pdfsig/sign.go:383.26,384.58 1 0
github.com/venafi/vsign/pkg/provider/pdfsig/sign.go:385.10,386.58 1 0
github.com/venafi/vsign/pkg/provider/pdfsig/sign.go:390.2,391.16 2 0
github.com/venafi/vsign/pkg/provider/pdfsig/sign.go:391.16,393.3 1 0
github.com/venafi/vsign/pkg/provider/pdfsig/sign.go:396.2,398.101 3 0
github.com/venafi/vsign/pkg/provider/pdfsig/sign.go:398.101,400.3 1 0
github.com/venafi/vsign/pkg/provider/pdfsig/sign.go:400.8,400.108 1 0
github.com/venafi/vsign/pkg/provider/pdfsig/sign.go:400.108,408.3 2 0
github.com/venafi/vsign/pkg/provider/pdfsig/sign.go:411.2,412.16 2 0
github.com/venafi/vsign/pkg/provider/pdfsig/sign.go:412.16,414.3 1 0
github.com/venafi/vsign/pkg/provider/pdfsig/sign.go:417.2,418.16 2 0
github.com/venafi/vsign/pkg/provider/pdfsig/sign.go:418.16,420.3 1 0
github.com/venafi/vsign/pkg/provider/pdfsig/sign.go:422.2,422.41 1 0
github.com/venafi/vsign/pkg/provider/pdfsig/sign.go:422.41,424.17 2 0
github.com/venafi/vsign/pkg/provider/pdfsig/sign.go:424.17,426.4 1 0
github.com/venafi/vsign/pkg/provider/pdfsig/sign.go:427.3,428.17 2 0
github.com/venafi/vsign/pkg/provider/pdfsig/sign.go:428.17,430.4 1 0
github.com/venafi/vsign/pkg/provider/pdfsig/sign.go:434.2,435.16 2 0
github.com/venafi/vsign/pkg/provider/pdfsig/sign.go:435.16,437.3 1 0
github.com/venafi/vsign/pkg/provider/pdfsig/sign.go:440.2,441.16 2 0
github.com/venafi/vsign/pkg/provider/pdfsig/sign.go:441.16,443.3 1 0
github.com/venafi/vsign/pkg/provider/pdfsig/sign.go:446.2,446.44 1 0
github.com/venafi/vsign/pkg/provider/pdfsig/sign.go:446.44,448.3 1 0
github.com/venafi/vsign/pkg/provider/pdfsig/sign.go:451.2,451.47 1 0
github.com/venafi/vsign/pkg/provider/pdfsig/sign.go:451.47,453.3 1 0
github.com/venafi/vsign/pkg/provider/pdfsig/sign.go:456.2,456.50 1 0
github.com/venafi/vsign/pkg/provider/pdfsig/sign.go:456.50,458.3 1 0
github.com/venafi/vsign/pkg/provider/pdfsig/sign.go:461.2,461.54 1 0
github.com/venafi/vsign/pkg/provider/pdfsig/sign.go:461.54,463.3 1 0
github.com/venafi/vsign/pkg/provider/pdfsig/sign.go:466.2,466.59 1 0
github.com/venafi/vsign/pkg/provider/pdfsig/sign.go:466.59,468.3 1 0
github.com/venafi/vsign/pkg/provider/pdfsig/sign.go:469.2,476.26 2 0
github.com/venafi/vsign/pkg/provider/pdfsig/verify.go:16.39,18.2 1 0
github.com/venafi/vsign/pkg/provider/pdfsig/verify.go:27.73,29.39 2 0
github.com/venafi/vsign/pkg/provider/pdfsig/verify.go:29.39,31.3 1 0
github.com/venafi/vsign/pkg/provider/pdfsig/verify.go:33.2,38.32 2 0
github.com/venafi/vsign/pkg/provider/pdfsig/verify.go:47.102,49.39 2 0
github.com/venafi/vsign/pkg/provider/pdfsig/verify.go:49.39,51.3 1 0
github.com/venafi/vsign/pkg/provider/pdfsig/verify.go:53.2,59.32 2 0
github.com/venafi/vsign/pkg/provider/pdfsig/verify.go:74.70,76.27 1 0
github.com/venafi/vsign/pkg/provider/pdfsig/verify.go:76.27,78.3 1 0
github.com/venafi/vsign/pkg/provider/pdfsig/verify.go:80.2,80.26 1 0
github.com/venafi/vsign/pkg/provider/pdfsig/verify.go:80.26,82.3 1 0
github.com/venafi/vsign/pkg/provider/pdfsig/verify.go:86.2,86.31 1 0
github.com/venafi/vsign/pkg/provider/pdfsig/verify.go:86.31,87.37 1 0
github.com/venafi/vsign/pkg/provider/pdfsig/verify.go:87.37,88.60 1 0
github.com/venafi/vsign/pkg/provider/pdfsig/verify.go:88.60,90.5 1 0
github.com/venafi/vsign/pkg/provider/pdfsig/verify.go:92.3,92.13 1 0
github.com/venafi/vsign/pkg/provider/pdfsig/verify.go:96.2,96.36 1 0
github.com/venafi/vsign/pkg/provider/pdfsig/verify.go:96.36,97.65 1 0
github.com/venafi/vsign/pkg/provider/pdfsig/verify.go:97.65,99.4 1 0
github.com/venafi/vsign/pkg/provider/pdfsig/verify.go:101.2,101.12 1 0
github.com/venafi/vsign/pkg/provider/pdfsig/verify.go:104.95,107.15 3 0
github.com/venafi/vsign/pkg/provider/pdfsig/verify.go:107.15,109.3 1 0
github.com/venafi/vsign/pkg/provider/pdfsig/verify.go:110.2,110.45 1 0
github.com/venafi/vsign/pkg/provider/pdfsig/verify.go:110.45,117.17 3 0
github.com/venafi/vsign/pkg/provider/pdfsig/verify.go:117.17,119.4 1 0
github.com/venafi/vsign/pkg/provider/pdfsig/verify.go:120.3,121.17 2 0
github.com/venafi/vsign/pkg/provider/pdfsig/verify.go:121.17,123.4 1 0
github.com/venafi/vsign/pkg/provider/pdfsig/verify.go:124.3,127.56 4 0
github.com/venafi/vsign/pkg/provider/pdfsig/verify.go:127.56,132.4 1 0
github.com/venafi/vsign/pkg/provider/pdfsig/verify.go:133.3,134.17 2 0
github.com/venafi/vsign/pkg/provider/pdfsig/verify.go:134.17,136.4 1 0
github.com/venafi/vsign/pkg/provider/pdfsig/verify.go:137.3,138.17 2 0
github.com/venafi/vsign/pkg/provider/pdfsig/verify.go:138.17,140.74 1 0
github.com/venafi/vsign/pkg/provider/pdfsig/verify.go:140.74,145.5 1 0
github.com/venafi/vsign/pkg/provider/pdfsig/verify.go:148.2,148.23 1 0
github.com/venafi/vsign/pkg/provider/pdfsig/verify.go:148.23,150.17 2 0
github.com/venafi/vsign/pkg/provider/pdfsig/verify.go:150.17,152.4 1 0
github.com/venafi/vsign/pkg/provider/pdfsig/verify.go:154.2,155.16 2 0
github.com/venafi/vsign/pkg/provider/pdfsig/verify.go:155.16,157.3 1 0
github.com/venafi/vsign/pkg/provider/pdfsig/verify.go:158.2,158.70 1 0
github.com/venafi/vsign/pkg/provider/pdfsig/verify.go:161.89,164.15 3 0
github.com/venafi/vsign/pkg/provider/pdfsig/verify.go:164.15,166.3 1 0
github.com/venafi/vsign/pkg/provider/pdfsig/verify.go:167.2,168.45 2 0
github.com/venafi/vsign/pkg/provider/pdfsig/verify.go:168.45,172.17 3 0
github.com/venafi/vsign/pkg/provider/pdfsig/verify.go:172.17,174.4 1 0
github.com/venafi/vsign/pkg/provider/pdfsig/verify.go:175.3,176.17 2 0
github.com/venafi/vsign/pkg/provider/pdfsig/verify.go:176.17,178.4 1 0
github.com/venafi/vsign/pkg/provider/pdfsig/verify.go:179.3,182.56 4 0
github.com/venafi/vsign/pkg/provider/pdfsig/verify.go:182.56,187.4 1 0
github.com/venafi/vsign/pkg/provider/pdfsig/verify.go:188.3,189.17 2 0
github.com/venafi/vsign/pkg/provider/pdfsig/verify.go:189.17,191.4 1 0
github.com/venafi/vsign/pkg/provider/pdfsig/verify.go:192.3,193.17 2 0
github.com/venafi/vsign/pkg/provider/pdfsig/verify.go:193.17,195.74 1 0
github.com/venafi/vsign/pkg/provider/pdfsig/verify.go:195.74,200.5 1 0
github.com/venafi/vsign/pkg/provider/pdfsig/verify.go:203.2,203.23 1 0
github.com/venafi/vsign/pkg/provider/pdfsig/verify.go:203.23,206.17 3 0
github.com/venafi/vsign/pkg/provider/pdfsig/verify.go:206.17,208.4 1 0
github.com/venafi/vsign/pkg/provider/pdfsig/verify.go:210.2,211.16 2 0
github.com/venafi/vsign/pkg/provider/pdfsig/verify.go:211.16,213.3 1 0
github.com/venafi/vsign/pkg/provider/pdfsig/verify.go:214.2,214.70 1 0
github.com/venafi/vsign/pkg/provider/pdfsig/verify.go:219.52,220.26 1 0
github.com/venafi/vsign/pkg/provider/pdfsig/verify.go:220.26,222.3 1 0
github.com/venafi/vsign/pkg/provider/pdfsig/verify.go:223.2,224.89 2 0
github.com/venafi/vsign/pkg/provider/pdfsig/verify.go:228.103,230.9 2 0
github.com/venafi/vsign/pkg/provider/pdfsig/verify.go:230.9,232.3 1 0
github.com/venafi/vsign/pkg/provider/pdfsig/verify.go:233.2,233.29 1 0
github.com/venafi/vsign/pkg/provider/pdfsig/verify.go:233.29,235.3 1 0
github.com/venafi/vsign/pkg/provider/pdfsig/verify.go:236.2,237.59 2 0
github.com/venafi/vsign/pkg/provider/pdfsig/verify.go:240.51,244.16 4 0
github.com/venafi/vsign/pkg/provider/pdfsig/verify.go:244.16,246.3 1 0
github.com/venafi/vsign/pkg/provider/pdfsig/verify.go:249.2,253.43 3 0
github.com/venafi/vsign/pkg/provider/pdfsig/verify.go:253.43,254.84 1 0
github.com/venafi/vsign/pkg/provider/pdfsig/verify.go:254.84,256.4 1 0
github.com/venafi/vsign/pkg/provider/pdfsig/verify.go:259.2,259.25 1 0
github.com/venafi/vsign/pkg/provider/pdfsig/verify.go:259.25,260.24 1 0
github.com/venafi/vsign/pkg/provider/pdfsig/verify.go:260.24,261.69 1 0
github.com/venafi/vsign/pkg/provider/pdfsig/verify.go:261.69,263.5 1 0
github.com/venafi/vsign/pkg/provider/pdfsig/verify.go:264.9,266.4 1 0
github.com/venafi/vsign/pkg/provider/pdfsig/verify.go:267.8,270.3 1 0
github.com/venafi/vsign/pkg/provider/pdfsig/verify.go:271.2,276.25 1 0
github.com/venafi/vsign/pkg/provider/pdfsig/verify.go:286.55,288.2 1 0
github.com/venafi/vsign/pkg/provider/pdfsig/verify.go:290.112,291.9 1 0
github.com/venafi/vsign/pkg/provider/pdfsig/verify.go:292.69,293.33 1 0
github.com/venafi/vsign/pkg/provider/pdfsig/verify.go:294.71,295.35 1 0
github.com/venafi/vsign/pkg/provider/pdfsig/verify.go:296.71,297.35 1 0
github.com/venafi/vsign/pkg/provider/pdfsig/verify.go:298.71,299.35 1 0
github.com/venafi/vsign/pkg/provider/pdfsig/verify.go:304.69,305.10 1 0
github.com/venafi/vsign/pkg/provider/pdfsig/verify.go:306.55,307.32 1 0
github.com/venafi/vsign/pkg/provider/pdfsig/verify.go:308.57,309.34 1 0
github.com/venafi/vsign/pkg/provider/pdfsig/verify.go:310.57,311.34 1 0
github.com/venafi/vsign/pkg/provider/pdfsig/verify.go:312.57,313.34 1 0
github.com/venafi/vsign/pkg/provider/pdfsig/verify.go:314.11,316.68 1 0
github.com/venafi/vsign/pkg/provider/pdfsig/verify.go:319.63,320.10 1 0
github.com/venafi/vsign/pkg/provider/pdfsig/verify.go:321.55,322.32 1 0
github.com/venafi/vsign/pkg/provider/pdfsig/verify.go:323.57,324.34 1 0
github.com/venafi/vsign/pkg/provider/pdfsig/verify.go:325.11,327.68 1 0
github.com/venafi/vsign/pkg/provider/pdfsig/verify.go:331.69,332.10 1 0
github.com/venafi/vsign/pkg/provider/pdfsig/verify.go:333.55,334.34 1 0
github.com/venafi/vsign/pkg/provider/pdfsig/verify.go:335.57,336.36 1 0
github.com/venafi/vsign/pkg/provider/pdfsig/verify.go:337.57,338.36 1 0
github.com/venafi/vsign/pkg/provider/pdfsig/verify.go:339.57,340.36 1 0
github.com/venafi/vsign/pkg/provider/pdfsig/verify.go:341.11,343.68 1 0
github.com/venafi/vsign/pkg/provider/pdfsig/verify.go:345.74,346.31 1 0
github.com/venafi/vsign/pkg/provider/pdfsig/verify.go:347.10,349.40 1 0
github.com/venafi/vsign/pkg/provider/pdfsig/verify.go:353.106,354.29 1 0
github.com/venafi/vsign/pkg/provider/pdfsig/verify.go:354.29,355.47 1 0
github.com/venafi/vsign/pkg/provider/pdfsig/verify.go:355.47,357.4 1 0
github.com/venafi/vsign/pkg/provider/pdfsig/verify.go:359.2,359.12 1 0
github.com/venafi/vsign/pkg/provider/pdfsig/verify.go:362.104,363.29 1 0
github.com/venafi/vsign/pkg/provider/pdfsig/verify.go:363.29,364.37 1 0
github.com/venafi/vsign/pkg/provider/pdfsig/verify.go:364.37,367.4 2 0
github.com/venafi/vsign/pkg/provider/pdfsig/verify.go:369.2,369.62 1 0
github.com/venafi/vsign/pkg/provider/pdfsig/verify/verify.go:72.57,74.43 2 0
github.com/venafi/vsign/pkg/provider/pdfsig/verify/verify.go:74.43,76.3 1 0
github.com/venafi/vsign/pkg/provider/pdfsig/verify/verify.go:78.2,78.35 1 0
github.com/venafi/vsign/pkg/provider/pdfsig/verify/verify.go:81.74,84.15 2 0
github.com/venafi/vsign/pkg/provider/pdfsig/verify/verify.go:84.15,85.31 1 0
github.com/venafi/vsign/pkg/provider/pdfsig/verify/verify.go:85.31,88.4 2 0
github.com/venafi/vsign/pkg/provider/pdfsig/verify/verify.go:90.2,93.16 3 0
github.com/venafi/vsign/pkg/provider/pdfsig/verify/verify.go:93.16,95.3 1 0
github.com/venafi/vsign/pkg/provider/pdfsig/verify/verify.go:98.2,99.16 2 0
github.com/venafi/vsign/pkg/provider/pdfsig/verify/verify.go:99.16,101.3 1 0
github.com/venafi/vsign/pkg/provider/pdfsig/verify/verify.go:104.2,104.31 1 0
github.com/venafi/vsign/pkg/provider/pdfsig/verify/verify.go:104.31,112.48 3 0
github.com/venafi/vsign/pkg/provider/pdfsig/verify/verify.go:112.48,113.12 1 0
github.com/venafi/vsign/pkg/provider/pdfsig/verify/verify.go:116.3,131.17 3 0
github.com/venafi/vsign/pkg/provider/pdfsig/verify/verify.go:131.17,133.12 1 0
github.com/venafi/vsign/pkg/provider/pdfsig/verify/verify.go:141.3,141.49 1 0
github.com/venafi/vsign/pkg/provider/pdfsig/verify/verify.go:141.49,150.18 3 0
github.com/venafi/vsign/pkg/provider/pdfsig/verify/verify.go:150.18,152.5 1 0
github.com/venafi/vsign/pkg/provider/pdfsig/verify/verify.go:154.4,154.47 1 0
github.com/venafi/vsign/pkg/provider/pdfsig/verify/verify.go:161.3,161.32 1 0
github.com/venafi/vsign/pkg/provider/pdfsig/verify/verify.go:161.32,171.53 1 0
github.com/venafi/vsign/pkg/provider/pdfsig/verify/verify.go:171.53,174.83 1 0
github.com/venafi/vsign/pkg/provider/pdfsig/verify/verify.go:174.83,178.20 2 0
github.com/venafi/vsign/pkg/provider/pdfsig/verify/verify.go:178.20,180.7 1 0
github.com/venafi/vsign/pkg/provider/pdfsig/verify/verify.go:180.12,184.11 4 0
github.com/venafi/vsign/pkg/provider/pdfsig/verify/verify.go:184.11,186.25 2 0
github.com/venafi/vsign/pkg/provider/pdfsig/verify/verify.go:186.25,187.14 1 0
github.com/venafi/vsign/pkg/provider/pdfsig/verify/verify.go:190.8,190.22 1 0
github.com/venafi/vsign/pkg/provider/pdfsig/verify/verify.go:193.7,193.67 1 0
github.com/venafi/vsign/pkg/provider/pdfsig/verify/verify.go:193.67,195.8 1 0
github.com/venafi/vsign/pkg/provider/pdfsig/verify/verify.go:197.7,197.12 1 0
github.com/venafi/vsign/pkg/provider/pdfsig/verify/verify.go:204.3,205.40 2 0
github.com/venafi/vsign/pkg/provider/pdfsig/verify/verify.go:205.40,207.4 1 0
github.com/venafi/vsign/pkg/provider/pdfsig/verify/verify.go:210.3,211.17 2 0
github.com/venafi/vsign/pkg/provider/pdfsig/verify/verify.go:211.17,213.18 2 0
github.com/venafi/vsign/pkg/provider/pdfsig/verify/verify.go:213.18,216.5 2 0
github.com/venafi/vsign/pkg/provider/pdfsig/verify/verify.go:216.10,218.5 1 0
github.com/venafi/vsign/pkg/provider/pdfsig/verify/verify.go:219.9,222.4 2 0
github.com/venafi/vsign/pkg/provider/pdfsig/verify/verify.go:225.3,230.34 4 0
github.com/venafi/vsign/pkg/provider/pdfsig/verify/verify.go:230.34,232.18 2 0
github.com/venafi/vsign/pkg/provider/pdfsig/verify/verify.go:232.18,235.5 2 0
github.com/venafi/vsign/pkg/provider/pdfsig/verify/verify.go:235.10,237.5 1 0
github.com/venafi/vsign/pkg/provider/pdfsig/verify/verify.go:241.3,241.40 1 0
github.com/venafi/vsign/pkg/provider/pdfsig/verify/verify.go:241.40,251.18 4 0
github.com/venafi/vsign/pkg/provider/pdfsig/verify/verify.go:251.18,253.5 1 0
github.com/venafi/vsign/pkg/provider/pdfsig/verify/verify.go:255.4,255.72 1 0
github.com/venafi/vsign/pkg/provider/pdfsig/verify/verify.go:255.72,259.33 3 0
github.com/venafi/vsign/pkg/provider/pdfsig/verify/verify.go:259.33,261.6 1 0
github.com/venafi/vsign/pkg/provider/pdfsig/verify/verify.go:263.5,263.44 1 0
github.com/venafi/vsign/pkg/provider/pdfsig/verify/verify.go:263.44,265.33 2 0
github.com/venafi/vsign/pkg/provider/pdfsig/verify/verify.go:265.33,267.21 2 0
github.com/venafi/vsign/pkg/provider/pdfsig/verify/verify.go:267.21,269.8 1 0
github.com/venafi/vsign/pkg/provider/pdfsig/verify/verify.go:270.12,273.21 2 0
github.com/venafi/vsign/pkg/provider/pdfsig/verify/verify.go:273.21,275.8 1 0
github.com/venafi/vsign/pkg/provider/pdfsig/verify/verify.go:284.4,284.56 1 0
github.com/venafi/vsign/pkg/provider/pdfsig/verify/verify.go:322.3,322.52 1 0
github.com/venafi/vsign/pkg/provider/pdfsig/verify/verify.go:325.2,325.20 1 0
github.com/venafi/vsign/pkg/provider/pdfsig/verify/verify.go:325.20,327.3 1 0
github.com/venafi/vsign/pkg/provider/pdfsig/verify/verify.go:329.2,331.8 2 0
github.com/venafi/vsign/pkg/provider/pdfsig/verify/verify.go:335.65,339.27 2 0
github.com/venafi/vsign/pkg/provider/pdfsig/verify/verify.go:339.27,341.22 2 0
github.com/venafi/vsign/pkg/provider/pdfsig/verify/verify.go:341.22,349.15 4 0
github.com/venafi/vsign/pkg/provider/pdfsig/verify/verify.go:351.35,353.34 2 0
github.com/venafi/vsign/pkg/provider/pdfsig/verify/verify.go:355.17,357.27 2 0
github.com/venafi/vsign/pkg/provider/pdfsig/verify/verify.go:358.20,359.52 1 0
github.com/venafi/vsign/pkg/provider/pdfsig/verify/verify.go:360.12,361.41 1 0
github.com/venafi/vsign/pkg/provider/pdfsig/verify/verify.go:368.45,387.2 1 0
github.com/venafi/vsign/pkg/provider/pdfsig/verify/verify.go:390.43,394.31 2 0
github.com/venafi/vsign/pkg/provider/pdfsig/verify/verify.go:394.31,395.33 1 0
github.com/venafi/vsign/pkg/provider/pdfsig/verify/verify.go:395.33,397.4 1 0
github.com/venafi/vsign/pkg/provider/pdfsig/verify/verify.go:400.2,400.24 1 0
